#
# There is insufficient memory for the Java Runtime Environment to continue.
# Native memory allocation (mmap) failed to map 128849018880 bytes for committing reserved memory.
# Possible reasons:
#   The system is out of physical RAM or swap space
#   In 32 bit mode, the process size limit was hit
# Possible solutions:
#   Reduce memory load on the system
#   Increase physical memory or swap space
#   Check if swap backing store is full
#   Use 64 bit Java on a 64 bit OS
#   Decrease Java heap size (-Xmx/-Xms)
#   Decrease number of Java threads
#   Decrease Java thread stack sizes (-Xss)
#   Set larger code cache with -XX:ReservedCodeCacheSize=
# This output file may be truncated or incomplete.
#
#  Out of Memory Error (os_linux.cpp:2651), pid=62947, tid=0x00007f6a088e5700
#
# JRE version:  (8.0_151-b12) (build )
# Java VM: OpenJDK 64-Bit Server VM (25.151-b12 mixed mode linux-amd64 )
# Core dump written. Default location: /home/glushenkov/IdeaProjects/examples/core or core.62947
#

---------------  T H R E A D  ---------------

Current thread (0x00007f6a0000abd0):  JavaThread "Unknown thread" [_thread_in_vm, id=62949, stack(0x00007f6a087e5000,0x00007f6a088e6000)]

Stack: [0x00007f6a087e5000,0x00007f6a088e6000],  sp=0x00007f6a088e46a0,  free space=1021k
Native frames: (J=compiled Java code, j=interpreted, Vv=VM code, C=native code)
V  [libjvm.so+0xb66702]
V  [libjvm.so+0x4f8907]
V  [libjvm.so+0x91c126]
V  [libjvm.so+0x9168fe]
V  [libjvm.so+0xa498fa]
V  [libjvm.so+0xb28a8a]
V  [libjvm.so+0xb28d95]
V  [libjvm.so+0x64872f]
V  [libjvm.so+0xb0b7db]
V  [libjvm.so+0x6d7431]  JNI_CreateJavaVM+0x61
C  [libjli.so+0x2da3]
C  [libpthread.so.0+0x761b]  start_thread+0xdb


---------------  P R O C E S S  ---------------

Java Threads: ( => current thread )

Other Threads:

=>0x00007f6a0000abd0 (exited) JavaThread "Unknown thread" [_thread_in_vm, id=62949, stack(0x00007f6a087e5000,0x00007f6a088e6000)]

VM state:not at safepoint (not fully initialized)

VM Mutex/Monitor currently owned by a thread: None

GC Heap History (0 events):
No events

Deoptimization events (0 events):
No events

Internal exceptions (0 events):
No events

Events (0 events):
No events


Dynamic libraries:
55f78493c000-55f78493d000 r-xp 00000000 fd:00 1187034                    /usr/lib/jvm/java-1.8.0-openjdk-1.8.0.151-1.b12.fc27.x86_64/bin/java
55f784b3c000-55f784b3d000 r--p 00000000 fd:00 1187034                    /usr/lib/jvm/java-1.8.0-openjdk-1.8.0.151-1.b12.fc27.x86_64/bin/java
55f784b3d000-55f784b3e000 rw-p 00001000 fd:00 1187034                    /usr/lib/jvm/java-1.8.0-openjdk-1.8.0.151-1.b12.fc27.x86_64/bin/java
55f78676e000-55f78678f000 rw-p 00000000 00:00 0                          [heap]
7f4b20000000-7f4b20021000 rw-p 00000000 00:00 0 
7f4b20021000-7f4b24000000 ---p 00000000 00:00 0 
7f6928000000-7f6928021000 rw-p 00000000 00:00 0 
7f6928021000-7f692c000000 ---p 00000000 00:00 0 
7f692c000000-7f692c021000 rw-p 00000000 00:00 0 
7f692c021000-7f6930000000 ---p 00000000 00:00 0 
7f6930000000-7f6930021000 rw-p 00000000 00:00 0 
7f6930021000-7f6934000000 ---p 00000000 00:00 0 
7f6934000000-7f6934021000 rw-p 00000000 00:00 0 
7f6934021000-7f6938000000 ---p 00000000 00:00 0 
7f6938000000-7f6938021000 rw-p 00000000 00:00 0 
7f6938021000-7f693c000000 ---p 00000000 00:00 0 
7f693c000000-7f693c021000 rw-p 00000000 00:00 0 
7f693c021000-7f6940000000 ---p 00000000 00:00 0 
7f6940000000-7f6940021000 rw-p 00000000 00:00 0 
7f6940021000-7f6944000000 ---p 00000000 00:00 0 
7f6944000000-7f6944021000 rw-p 00000000 00:00 0 
7f6944021000-7f6948000000 ---p 00000000 00:00 0 
7f6948000000-7f6948021000 rw-p 00000000 00:00 0 
7f6948021000-7f694c000000 ---p 00000000 00:00 0 
7f694c000000-7f694c021000 rw-p 00000000 00:00 0 
7f694c021000-7f6950000000 ---p 00000000 00:00 0 
7f6950000000-7f6950021000 rw-p 00000000 00:00 0 
7f6950021000-7f6954000000 ---p 00000000 00:00 0 
7f6954000000-7f6954021000 rw-p 00000000 00:00 0 
7f6954021000-7f6958000000 ---p 00000000 00:00 0 
7f6958000000-7f6958021000 rw-p 00000000 00:00 0 
7f6958021000-7f695c000000 ---p 00000000 00:00 0 
7f695c000000-7f695c021000 rw-p 00000000 00:00 0 
7f695c021000-7f6960000000 ---p 00000000 00:00 0 
7f6960000000-7f6960021000 rw-p 00000000 00:00 0 
7f6960021000-7f6964000000 ---p 00000000 00:00 0 
7f6964000000-7f6964021000 rw-p 00000000 00:00 0 
7f6964021000-7f6968000000 ---p 00000000 00:00 0 
7f6968000000-7f6968021000 rw-p 00000000 00:00 0 
7f6968021000-7f696c000000 ---p 00000000 00:00 0 
7f696c000000-7f696c021000 rw-p 00000000 00:00 0 
7f696c021000-7f6970000000 ---p 00000000 00:00 0 
7f6970000000-7f6970021000 rw-p 00000000 00:00 0 
7f6970021000-7f6974000000 ---p 00000000 00:00 0 
7f6974000000-7f6974021000 rw-p 00000000 00:00 0 
7f6974021000-7f6978000000 ---p 00000000 00:00 0 
7f6978000000-7f6978021000 rw-p 00000000 00:00 0 
7f6978021000-7f697c000000 ---p 00000000 00:00 0 
7f697c000000-7f697c021000 rw-p 00000000 00:00 0 
7f697c021000-7f6980000000 ---p 00000000 00:00 0 
7f6980000000-7f6980021000 rw-p 00000000 00:00 0 
7f6980021000-7f6984000000 ---p 00000000 00:00 0 
7f6984000000-7f6984021000 rw-p 00000000 00:00 0 
7f6984021000-7f6988000000 ---p 00000000 00:00 0 
7f6988000000-7f6988021000 rw-p 00000000 00:00 0 
7f6988021000-7f698c000000 ---p 00000000 00:00 0 
7f698c000000-7f698c021000 rw-p 00000000 00:00 0 
7f698c021000-7f6990000000 ---p 00000000 00:00 0 
7f69925e6000-7f69925e7000 ---p 00000000 00:00 0 
7f69925e7000-7f69926e7000 rw-p 00000000 00:00 0 
7f69926e7000-7f69926e8000 ---p 00000000 00:00 0 
7f69926e8000-7f69927e8000 rw-p 00000000 00:00 0 
7f69927e8000-7f69927e9000 ---p 00000000 00:00 0 
7f69927e9000-7f69928e9000 rw-p 00000000 00:00 0 
7f69928e9000-7f69928ea000 ---p 00000000 00:00 0 
7f69928ea000-7f69929ea000 rw-p 00000000 00:00 0 
7f69929ea000-7f69929eb000 ---p 00000000 00:00 0 
7f69929eb000-7f6992aeb000 rw-p 00000000 00:00 0 
7f6992aeb000-7f6992aec000 ---p 00000000 00:00 0 
7f6992aec000-7f6992bec000 rw-p 00000000 00:00 0 
7f6992bec000-7f6992bed000 ---p 00000000 00:00 0 
7f6992bed000-7f6992ced000 rw-p 00000000 00:00 0 
7f6992ced000-7f6992cee000 ---p 00000000 00:00 0 
7f6992cee000-7f6992dee000 rw-p 00000000 00:00 0 
7f6992dee000-7f6992def000 ---p 00000000 00:00 0 
7f6992def000-7f6992eef000 rw-p 00000000 00:00 0 
7f6992eef000-7f6992ef0000 ---p 00000000 00:00 0 
7f6992ef0000-7f6992ff0000 rw-p 00000000 00:00 0 
7f6992ff0000-7f6992ff1000 ---p 00000000 00:00 0 
7f6992ff1000-7f69930f1000 rw-p 00000000 00:00 0 
7f69930f1000-7f69930f2000 ---p 00000000 00:00 0 
7f69930f2000-7f69931f2000 rw-p 00000000 00:00 0 
7f69931f2000-7f69931f3000 ---p 00000000 00:00 0 
7f69931f3000-7f69932f3000 rw-p 00000000 00:00 0 
7f69932f3000-7f69932f4000 ---p 00000000 00:00 0 
7f69932f4000-7f69933f4000 rw-p 00000000 00:00 0 
7f69933f4000-7f69933f5000 ---p 00000000 00:00 0 
7f69933f5000-7f69934f5000 rw-p 00000000 00:00 0 
7f69934f5000-7f69934f6000 ---p 00000000 00:00 0 
7f69934f6000-7f69935f6000 rw-p 00000000 00:00 0 
7f69935f6000-7f69935f7000 ---p 00000000 00:00 0 
7f69935f7000-7f69936f7000 rw-p 00000000 00:00 0 
7f69936f7000-7f69936f8000 ---p 00000000 00:00 0 
7f69936f8000-7f69937f8000 rw-p 00000000 00:00 0 
7f69937f8000-7f69937f9000 ---p 00000000 00:00 0 
7f69937f9000-7f69938f9000 rw-p 00000000 00:00 0 
7f69938f9000-7f69938fa000 ---p 00000000 00:00 0 
7f69938fa000-7f69939fa000 rw-p 00000000 00:00 0 
7f69939fa000-7f69939fb000 ---p 00000000 00:00 0 
7f69939fb000-7f6993afb000 rw-p 00000000 00:00 0 
7f6993afb000-7f6993afc000 ---p 00000000 00:00 0 
7f6993afc000-7f6993bfc000 rw-p 00000000 00:00 0 
7f6993bfc000-7f6993bfd000 ---p 00000000 00:00 0 
7f6993bfd000-7f6993cfd000 rw-p 00000000 00:00 0 
7f6993cfd000-7f6993cfe000 ---p 00000000 00:00 0 
7f6993cfe000-7f6993dfe000 rw-p 00000000 00:00 0 
7f6993dfe000-7f6993dff000 ---p 00000000 00:00 0 
7f6993dff000-7f6993eff000 rw-p 00000000 00:00 0 
7f6993eff000-7f6993f00000 ---p 00000000 00:00 0 
7f6993f00000-7f6994000000 rw-p 00000000 00:00 0 
7f6994000000-7f6994021000 rw-p 00000000 00:00 0 
7f6994021000-7f6998000000 ---p 00000000 00:00 0 
7f6998000000-7f6998021000 rw-p 00000000 00:00 0 
7f6998021000-7f699c000000 ---p 00000000 00:00 0 
7f699c000000-7f699c021000 rw-p 00000000 00:00 0 
7f699c021000-7f69a0000000 ---p 00000000 00:00 0 
7f69a0000000-7f69a0021000 rw-p 00000000 00:00 0 
7f69a0021000-7f69a4000000 ---p 00000000 00:00 0 
7f69a4000000-7f69a4021000 rw-p 00000000 00:00 0 
7f69a4021000-7f69a8000000 ---p 00000000 00:00 0 
7f69a8000000-7f69a8021000 rw-p 00000000 00:00 0 
7f69a8021000-7f69ac000000 ---p 00000000 00:00 0 
7f69ac000000-7f69ac021000 rw-p 00000000 00:00 0 
7f69ac021000-7f69b0000000 ---p 00000000 00:00 0 
7f69b0000000-7f69b0021000 rw-p 00000000 00:00 0 
7f69b0021000-7f69b4000000 ---p 00000000 00:00 0 
7f69b4000000-7f69b4021000 rw-p 00000000 00:00 0 
7f69b4021000-7f69b8000000 ---p 00000000 00:00 0 
7f69b8000000-7f69b8021000 rw-p 00000000 00:00 0 
7f69b8021000-7f69bc000000 ---p 00000000 00:00 0 
7f69bc000000-7f69bc021000 rw-p 00000000 00:00 0 
7f69bc021000-7f69c0000000 ---p 00000000 00:00 0 
7f69c0000000-7f69c0021000 rw-p 00000000 00:00 0 
7f69c0021000-7f69c4000000 ---p 00000000 00:00 0 
7f69c4000000-7f69c4021000 rw-p 00000000 00:00 0 
7f69c4021000-7f69c8000000 ---p 00000000 00:00 0 
7f69c8000000-7f69c8021000 rw-p 00000000 00:00 0 
7f69c8021000-7f69cc000000 ---p 00000000 00:00 0 
7f69cc000000-7f69cc021000 rw-p 00000000 00:00 0 
7f69cc021000-7f69d0000000 ---p 00000000 00:00 0 
7f69d0000000-7f69d0021000 rw-p 00000000 00:00 0 
7f69d0021000-7f69d4000000 ---p 00000000 00:00 0 
7f69d4000000-7f69d4021000 rw-p 00000000 00:00 0 
7f69d4021000-7f69d8000000 ---p 00000000 00:00 0 
7f69d8000000-7f69d8021000 rw-p 00000000 00:00 0 
7f69d8021000-7f69dc000000 ---p 00000000 00:00 0 
7f69dc000000-7f69dc021000 rw-p 00000000 00:00 0 
7f69dc021000-7f69e0000000 ---p 00000000 00:00 0 
7f69e0000000-7f69e0021000 rw-p 00000000 00:00 0 
7f69e0021000-7f69e4000000 ---p 00000000 00:00 0 
7f69e4000000-7f69e4021000 rw-p 00000000 00:00 0 
7f69e4021000-7f69e8000000 ---p 00000000 00:00 0 
7f69e8000000-7f69e8021000 rw-p 00000000 00:00 0 
7f69e8021000-7f69ec000000 ---p 00000000 00:00 0 
7f69ec000000-7f69ec021000 rw-p 00000000 00:00 0 
7f69ec021000-7f69f0000000 ---p 00000000 00:00 0 
7f69f00f1000-7f69f00f2000 ---p 00000000 00:00 0 
7f69f00f2000-7f69f01f2000 rw-p 00000000 00:00 0 
7f69f01f2000-7f69f01f3000 ---p 00000000 00:00 0 
7f69f01f3000-7f69f02f3000 rw-p 00000000 00:00 0 
7f69f02f3000-7f69f02f4000 ---p 00000000 00:00 0 
7f69f02f4000-7f69f03f4000 rw-p 00000000 00:00 0 
7f69f03f4000-7f69f03f5000 ---p 00000000 00:00 0 
7f69f03f5000-7f69f04f5000 rw-p 00000000 00:00 0 
7f69f04f5000-7f69f04f6000 ---p 00000000 00:00 0 
7f69f04f6000-7f69f05f6000 rw-p 00000000 00:00 0 
7f69f05f6000-7f69f05f7000 ---p 00000000 00:00 0 
7f69f05f7000-7f69f06f7000 rw-p 00000000 00:00 0 
7f69f06f7000-7f69f06f8000 ---p 00000000 00:00 0 
7f69f06f8000-7f69f07f8000 rw-p 00000000 00:00 0 
7f69f07f8000-7f69f07f9000 ---p 00000000 00:00 0 
7f69f07f9000-7f69f08f9000 rw-p 00000000 00:00 0 
7f69f08f9000-7f69f08fa000 ---p 00000000 00:00 0 
7f69f08fa000-7f69f09fa000 rw-p 00000000 00:00 0 
7f69f09fa000-7f69f09fb000 ---p 00000000 00:00 0 
7f69f09fb000-7f69f0afb000 rw-p 00000000 00:00 0 
7f69f0afb000-7f69f0afc000 ---p 00000000 00:00 0 
7f69f0afc000-7f69f0bfc000 rw-p 00000000 00:00 0 
7f69f0bfc000-7f69f0bfd000 ---p 00000000 00:00 0 
7f69f0bfd000-7f69f0cfd000 rw-p 00000000 00:00 0 
7f69f0cfd000-7f69f0cfe000 ---p 00000000 00:00 0 
7f69f0cfe000-7f69f0dfe000 rw-p 00000000 00:00 0 
7f69f0dfe000-7f69f0dff000 ---p 00000000 00:00 0 
7f69f0dff000-7f69f0eff000 rw-p 00000000 00:00 0 
7f69f0eff000-7f69f0f00000 ---p 00000000 00:00 0 
7f69f0f00000-7f69f1000000 rw-p 00000000 00:00 0 
7f69f1000000-7f69f1270000 rwxp 00000000 00:00 0 
7f69f1270000-7f6a00000000 ---p 00000000 00:00 0 
7f6a00000000-7f6a0007e000 rw-p 00000000 00:00 0 
7f6a0007e000-7f6a04000000 ---p 00000000 00:00 0 
7f6a04039000-7f6a0403a000 ---p 00000000 00:00 0 
7f6a0403a000-7f6a0413a000 rw-p 00000000 00:00 0 
7f6a0413a000-7f6a0413b000 ---p 00000000 00:00 0 
7f6a0413b000-7f6a0423b000 rw-p 00000000 00:00 0 
7f6a0423b000-7f6a0423c000 ---p 00000000 00:00 0 
7f6a0423c000-7f6a0433c000 rw-p 00000000 00:00 0 
7f6a0433c000-7f6a0433d000 ---p 00000000 00:00 0 
7f6a0433d000-7f6a0443d000 rw-p 00000000 00:00 0 
7f6a0443d000-7f6a0443e000 ---p 00000000 00:00 0 
7f6a0443e000-7f6a0453e000 rw-p 00000000 00:00 0 
7f6a0453e000-7f6a0453f000 ---p 00000000 00:00 0 
7f6a0453f000-7f6a0463f000 rw-p 00000000 00:00 0 
7f6a0463f000-7f6a04640000 ---p 00000000 00:00 0 
7f6a04640000-7f6a04740000 rw-p 00000000 00:00 0 
7f6a04740000-7f6a04741000 ---p 00000000 00:00 0 
7f6a04741000-7f6a04841000 rw-p 00000000 00:00 0 
7f6a04841000-7f6a04842000 ---p 00000000 00:00 0 
7f6a04842000-7f6a0494c000 rw-p 00000000 00:00 0 
7f6a0494c000-7f6a04d02000 ---p 00000000 00:00 0 
7f6a04d02000-7f6a04d0a000 r-xp 00000000 fd:00 1450817                    /usr/lib/jvm/java-1.8.0-openjdk-1.8.0.151-1.b12.fc27.x86_64/jre/lib/amd64/libzip.so
7f6a04d0a000-7f6a04f09000 ---p 00008000 fd:00 1450817                    /usr/lib/jvm/java-1.8.0-openjdk-1.8.0.151-1.b12.fc27.x86_64/jre/lib/amd64/libzip.so
7f6a04f09000-7f6a04f0a000 r--p 00007000 fd:00 1450817                    /usr/lib/jvm/java-1.8.0-openjdk-1.8.0.151-1.b12.fc27.x86_64/jre/lib/amd64/libzip.so
7f6a04f0a000-7f6a04f0b000 rw-p 00000000 00:00 0 
7f6a04f0b000-7f6a05710000 r--s 00000000 fd:00 525217                     /var/lib/sss/mc/passwd
7f6a05710000-7f6a05718000 r-xp 00000000 fd:00 934238                     /usr/lib64/libnss_sss.so.2
7f6a05718000-7f6a05917000 ---p 00008000 fd:00 934238                     /usr/lib64/libnss_sss.so.2
7f6a05917000-7f6a05918000 r--p 00007000 fd:00 934238                     /usr/lib64/libnss_sss.so.2
7f6a05918000-7f6a05919000 rw-p 00008000 fd:00 934238                     /usr/lib64/libnss_sss.so.2
7f6a05919000-7f6a05923000 r-xp 00000000 fd:00 1450794                    /usr/lib/jvm/java-1.8.0-openjdk-1.8.0.151-1.b12.fc27.x86_64/jre/lib/amd64/libinstrument.so
7f6a05923000-7f6a05b22000 ---p 0000a000 fd:00 1450794                    /usr/lib/jvm/java-1.8.0-openjdk-1.8.0.151-1.b12.fc27.x86_64/jre/lib/amd64/libinstrument.so
7f6a05b22000-7f6a05b23000 r--p 00009000 fd:00 1450794                    /usr/lib/jvm/java-1.8.0-openjdk-1.8.0.151-1.b12.fc27.x86_64/jre/lib/amd64/libinstrument.so
7f6a05b23000-7f6a05b24000 rw-p 0000a000 fd:00 1450794                    /usr/lib/jvm/java-1.8.0-openjdk-1.8.0.151-1.b12.fc27.x86_64/jre/lib/amd64/libinstrument.so
7f6a05b24000-7f6a05b52000 r-xp 00000000 fd:00 1450799                    /usr/lib/jvm/java-1.8.0-openjdk-1.8.0.151-1.b12.fc27.x86_64/jre/lib/amd64/libjava.so
7f6a05b52000-7f6a05d52000 ---p 0002e000 fd:00 1450799                    /usr/lib/jvm/java-1.8.0-openjdk-1.8.0.151-1.b12.fc27.x86_64/jre/lib/amd64/libjava.so
7f6a05d52000-7f6a05d53000 r--p 0002e000 fd:00 1450799                    /usr/lib/jvm/java-1.8.0-openjdk-1.8.0.151-1.b12.fc27.x86_64/jre/lib/amd64/libjava.so
7f6a05d53000-7f6a05d54000 rw-p 0002f000 fd:00 1450799                    /usr/lib/jvm/java-1.8.0-openjdk-1.8.0.151-1.b12.fc27.x86_64/jre/lib/amd64/libjava.so
7f6a05d54000-7f6a05d55000 rw-p 00000000 00:00 0 
7f6a05d55000-7f6a05d62000 r-xp 00000000 fd:00 1450816                    /usr/lib/jvm/java-1.8.0-openjdk-1.8.0.151-1.b12.fc27.x86_64/jre/lib/amd64/libverify.so
7f6a05d62000-7f6a05f62000 ---p 0000d000 fd:00 1450816                    /usr/lib/jvm/java-1.8.0-openjdk-1.8.0.151-1.b12.fc27.x86_64/jre/lib/amd64/libverify.so
7f6a05f62000-7f6a05f64000 r--p 0000d000 fd:00 1450816                    /usr/lib/jvm/java-1.8.0-openjdk-1.8.0.151-1.b12.fc27.x86_64/jre/lib/amd64/libverify.so
7f6a05f64000-7f6a05f65000 rw-p 00000000 00:00 0 
7f6a05f65000-7f6a05f6c000 r-xp 00000000 fd:00 928975                     /usr/lib64/librt-2.26.so
7f6a05f6c000-7f6a0616b000 ---p 00007000 fd:00 928975                     /usr/lib64/librt-2.26.so
7f6a0616b000-7f6a0616c000 r--p 00006000 fd:00 928975                     /usr/lib64/librt-2.26.so
7f6a0616c000-7f6a0616d000 rw-p 00007000 fd:00 928975                     /usr/lib64/librt-2.26.so
7f6a0616d000-7f6a06183000 r-xp 00000000 fd:00 929872                     /usr/lib64/libgcc_s-7-20170915.so.1
7f6a06183000-7f6a06382000 ---p 00016000 fd:00 929872                     /usr/lib64/libgcc_s-7-20170915.so.1
7f6a06382000-7f6a06383000 r--p 00015000 fd:00 929872                     /usr/lib64/libgcc_s-7-20170915.so.1
7f6a06383000-7f6a06384000 rw-p 00016000 fd:00 929872                     /usr/lib64/libgcc_s-7-20170915.so.1
7f6a06384000-7f6a064d8000 r-xp 00000000 fd:00 928480                     /usr/lib64/libm-2.26.so
7f6a064d8000-7f6a066d7000 ---p 00154000 fd:00 928480                     /usr/lib64/libm-2.26.so
7f6a066d7000-7f6a066d8000 r--p 00153000 fd:00 928480                     /usr/lib64/libm-2.26.so
7f6a066d8000-7f6a066d9000 rw-p 00154000 fd:00 928480                     /usr/lib64/libm-2.26.so
7f6a066d9000-7f6a06851000 r-xp 00000000 fd:00 930409                     /usr/lib64/libstdc++.so.6.0.24
7f6a06851000-7f6a06a50000 ---p 00178000 fd:00 930409                     /usr/lib64/libstdc++.so.6.0.24
7f6a06a50000-7f6a06a5a000 r--p 00177000 fd:00 930409                     /usr/lib64/libstdc++.so.6.0.24
7f6a06a5a000-7f6a06a5c000 rw-p 00181000 fd:00 930409                     /usr/lib64/libstdc++.so.6.0.24
7f6a06a5c000-7f6a06a5f000 rw-p 00000000 00:00 0 
7f6a06a5f000-7f6a077bf000 r-xp 00000000 fd:00 1450821                    /usr/lib/jvm/java-1.8.0-openjdk-1.8.0.151-1.b12.fc27.x86_64/jre/lib/amd64/server/libjvm.so
7f6a077bf000-7f6a079be000 ---p 00d60000 fd:00 1450821                    /usr/lib/jvm/java-1.8.0-openjdk-1.8.0.151-1.b12.fc27.x86_64/jre/lib/amd64/server/libjvm.so
7f6a079be000-7f6a07a5a000 r--p 00d5f000 fd:00 1450821                    /usr/lib/jvm/java-1.8.0-openjdk-1.8.0.151-1.b12.fc27.x86_64/jre/lib/amd64/server/libjvm.so
7f6a07a5a000-7f6a07a83000 rw-p 00dfb000 fd:00 1450821                    /usr/lib/jvm/java-1.8.0-openjdk-1.8.0.151-1.b12.fc27.x86_64/jre/lib/amd64/server/libjvm.so
7f6a07a83000-7f6a07ab3000 rw-p 00000000 00:00 0 
7f6a07ab3000-7f6a07c8d000 r-xp 00000000 fd:00 928310                     /usr/lib64/libc-2.26.so
7f6a07c8d000-7f6a07e8c000 ---p 001da000 fd:00 928310                     /usr/lib64/libc-2.26.so
7f6a07e8c000-7f6a07e90000 r--p 001d9000 fd:00 928310                     /usr/lib64/libc-2.26.so
7f6a07e90000-7f6a07e92000 rw-p 001dd000 fd:00 928310                     /usr/lib64/libc-2.26.so
7f6a07e92000-7f6a07e96000 rw-p 00000000 00:00 0 
7f6a07e96000-7f6a07e99000 r-xp 00000000 fd:00 928413                     /usr/lib64/libdl-2.26.so
7f6a07e99000-7f6a08098000 ---p 00003000 fd:00 928413                     /usr/lib64/libdl-2.26.so
7f6a08098000-7f6a08099000 r--p 00002000 fd:00 928413                     /usr/lib64/libdl-2.26.so
7f6a08099000-7f6a0809a000 rw-p 00003000 fd:00 928413                     /usr/lib64/libdl-2.26.so
7f6a0809a000-7f6a080a8000 r-xp 00000000 fd:00 1320133                    /usr/lib/jvm/java-1.8.0-openjdk-1.8.0.151-1.b12.fc27.x86_64/lib/amd64/jli/libjli.so
7f6a080a8000-7f6a082a7000 ---p 0000e000 fd:00 1320133                    /usr/lib/jvm/java-1.8.0-openjdk-1.8.0.151-1.b12.fc27.x86_64/lib/amd64/jli/libjli.so
7f6a082a7000-7f6a082a8000 r--p 0000d000 fd:00 1320133                    /usr/lib/jvm/java-1.8.0-openjdk-1.8.0.151-1.b12.fc27.x86_64/lib/amd64/jli/libjli.so
7f6a082a8000-7f6a082a9000 rw-p 00000000 00:00 0 
7f6a082a9000-7f6a082bf000 r-xp 00000000 fd:00 930598                     /usr/lib64/libz.so.1.2.11
7f6a082bf000-7f6a084be000 ---p 00016000 fd:00 930598                     /usr/lib64/libz.so.1.2.11
7f6a084be000-7f6a084bf000 r--p 00015000 fd:00 930598                     /usr/lib64/libz.so.1.2.11
7f6a084bf000-7f6a084c0000 rw-p 00000000 00:00 0 
7f6a084c0000-7f6a084da000 r-xp 00000000 fd:00 928874                     /usr/lib64/libpthread-2.26.so
7f6a084da000-7f6a086d9000 ---p 0001a000 fd:00 928874                     /usr/lib64/libpthread-2.26.so
7f6a086d9000-7f6a086da000 r--p 00019000 fd:00 928874                     /usr/lib64/libpthread-2.26.so
7f6a086da000-7f6a086db000 rw-p 0001a000 fd:00 928874                     /usr/lib64/libpthread-2.26.so
7f6a086db000-7f6a086df000 rw-p 00000000 00:00 0 
7f6a086df000-7f6a08706000 r-xp 00000000 fd:00 931499                     /usr/lib64/ld-2.26.so
7f6a08765000-7f6a087e5000 rw-s 00000000 00:2a 1131491                    /tmp/hsperfdata_glushenkov/62947
7f6a087e5000-7f6a087e8000 ---p 00000000 00:00 0 
7f6a087e8000-7f6a088e8000 rw-p 00000000 00:00 0 
7f6a08902000-7f6a08903000 rw-p 00000000 00:00 0 
7f6a08903000-7f6a08904000 r--p 00000000 00:00 0 
7f6a08904000-7f6a08906000 rw-p 00000000 00:00 0 
7f6a08906000-7f6a08907000 r--p 00027000 fd:00 931499                     /usr/lib64/ld-2.26.so
7f6a08907000-7f6a08908000 rw-p 00028000 fd:00 931499                     /usr/lib64/ld-2.26.so
7f6a08908000-7f6a08909000 rw-p 00000000 00:00 0 
7ffe495dc000-7ffe495fd000 rw-p 00000000 00:00 0                          [stack]
7ffe4971e000-7ffe49721000 r--p 00000000 00:00 0                          [vvar]
7ffe49721000-7ffe49723000 r-xp 00000000 00:00 0                          [vdso]
ffffffffff600000-ffffffffff601000 r-xp 00000000 00:00 0                  [vsyscall]

VM Arguments:
jvm_args: -Xms120G -Xmx120G -XX:+UseShenandoahGC -verbose:gc -javaagent:/home/glushenkov/Documents/IntelliJ/lib/idea_rt.jar=40789:/home/glushenkov/Documents/IntelliJ/bin -Dfile.encoding=UTF-8 
java_command: shenandoah_first_acquaintance.e1
java_class_path (initial): /usr/lib/jvm/java-1.8.0-openjdk/jre/lib/charsets.jar:/usr/lib/jvm/java-1.8.0-openjdk/jre/lib/ext/cldrdata.jar:/usr/lib/jvm/java-1.8.0-openjdk/jre/lib/ext/dnsns.jar:/usr/lib/jvm/java-1.8.0-openjdk/jre/lib/ext/jaccess.jar:/usr/lib/jvm/java-1.8.0-openjdk/jre/lib/ext/localedata.jar:/usr/lib/jvm/java-1.8.0-openjdk/jre/lib/ext/nashorn.jar:/usr/lib/jvm/java-1.8.0-openjdk/jre/lib/ext/sunec.jar:/usr/lib/jvm/java-1.8.0-openjdk/jre/lib/ext/sunjce_provider.jar:/usr/lib/jvm/java-1.8.0-openjdk/jre/lib/ext/sunpkcs11.jar:/usr/lib/jvm/java-1.8.0-openjdk/jre/lib/ext/zipfs.jar:/usr/lib/jvm/java-1.8.0-openjdk/jre/lib/jce.jar:/usr/lib/jvm/java-1.8.0-openjdk/jre/lib/jsse.jar:/usr/lib/jvm/java-1.8.0-openjdk/jre/lib/management-agent.jar:/usr/lib/jvm/java-1.8.0-openjdk/jre/lib/resources.jar:/usr/lib/jvm/java-1.8.0-openjdk/jre/lib/rt.jar:/home/glushenkov/IdeaProjects/examples/out/production/examples:/home/glushenkov/Documents/IntelliJ/lib/idea_rt.jar
Launcher Type: SUN_STANDARD

Environment Variables:
PATH=/usr/local/bin:/usr/local/sbin:/usr/bin:/usr/sbin:/home/glushenkov/.local/bin:/home/glushenkov/bin
USERNAME=glushenkov
SHELL=/bin/bash
DISPLAY=:1

Signal Handlers:
SIGSEGV: [libjvm.so+0xb67040], sa_mask[0]=11111111011111111101111111111110, sa_flags=SA_RESTART|SA_SIGINFO
SIGBUS: [libjvm.so+0xb67040], sa_mask[0]=11111111011111111101111111111110, sa_flags=SA_RESTART|SA_SIGINFO
SIGFPE: [libjvm.so+0x917bd0], sa_mask[0]=11111111011111111101111111111110, sa_flags=SA_RESTART|SA_SIGINFO
SIGPIPE: [libjvm.so+0x917bd0], sa_mask[0]=11111111011111111101111111111110, sa_flags=SA_RESTART|SA_SIGINFO
SIGXFSZ: [libjvm.so+0x917bd0], sa_mask[0]=11111111011111111101111111111110, sa_flags=SA_RESTART|SA_SIGINFO
SIGILL: [libjvm.so+0x917bd0], sa_mask[0]=11111111011111111101111111111110, sa_flags=SA_RESTART|SA_SIGINFO
SIGUSR1: SIG_DFL, sa_mask[0]=00000000000000000000000000000000, sa_flags=none
SIGUSR2: [libjvm.so+0x917a80], sa_mask[0]=00100000000000000000000000000000, sa_flags=SA_RESTART|SA_SIGINFO
SIGHUP: SIG_DFL, sa_mask[0]=00000000000000000000000000000000, sa_flags=none
SIGINT: SIG_DFL, sa_mask[0]=00000000000000000000000000000000, sa_flags=none
SIGTERM: SIG_DFL, sa_mask[0]=00000000000000000000000000000000, sa_flags=none
SIGQUIT: SIG_DFL, sa_mask[0]=00000000000000000000000000000000, sa_flags=none


---------------  S Y S T E M  ---------------

OS:Fedora release 27 (Twenty Seven)

uname:Linux 4.14.8-300.fc27.x86_64 #1 SMP Wed Dec 20 19:00:18 UTC 2017 x86_64
libc:glibc 2.26 NPTL 2.26 
rlimit: STACK 8192k, CORE infinity, NPROC 513384, NOFILE 4096, AS infinity
load average:1.97 1.86 1.69

/proc/meminfo:
MemTotal:       131683660 kB
MemFree:        35940972 kB
MemAvailable:   39940688 kB
Buffers:          503660 kB
Cached:          3974692 kB
SwapCached:            0 kB
Active:         92003108 kB
Inactive:        1889524 kB
Active(anon):   89394416 kB
Inactive(anon):   168660 kB
Active(file):    2608692 kB
Inactive(file):  1720864 kB
Unevictable:          80 kB
Mlocked:              80 kB
SwapTotal:       4194300 kB
SwapFree:        4194300 kB
Dirty:              4536 kB
Writeback:             0 kB
AnonPages:      89414656 kB
Mapped:           906480 kB
Shmem:            148808 kB
Slab:            1154948 kB
SReclaimable:     925180 kB
SUnreclaim:       229768 kB
KernelStack:       31904 kB
PageTables:       268492 kB
NFS_Unstable:          0 kB
Bounce:                0 kB
WritebackTmp:          0 kB
CommitLimit:    70036128 kB
Committed_AS:   137861032 kB
VmallocTotal:   34359738367 kB
VmallocUsed:           0 kB
VmallocChunk:          0 kB
HardwareCorrupted:     0 kB
AnonHugePages:         0 kB
ShmemHugePages:        0 kB
ShmemPmdMapped:        0 kB
CmaTotal:              0 kB
CmaFree:               0 kB
HugePages_Total:       0
HugePages_Free:        0
HugePages_Rsvd:        0
HugePages_Surp:        0
Hugepagesize:       2048 kB
DirectMap4k:      686864 kB
DirectMap2M:    16795648 kB
DirectMap1G:    116391936 kB


CPU:total 36 (initial active 36) (18 cores per cpu, 2 threads per core) family 6 model 85 stepping 4, cmov, cx8, fxsr, mmx, sse, sse2, sse3, ssse3, sse4.1, sse4.2, popcnt, avx, avx2, aes, clmul, erms, rtm, 3dnowpref, lzcnt, ht, tsc, tscinvbit, bmi1, bmi2, adx

/proc/cpuinfo:
processor	: 0
vendor_id	: GenuineIntel
cpu family	: 6
model		: 85
model nameFork	: Intel(R) Core(TM) i9-7980XE CPU @ 2.60GHz
stepping	: 4
microcode	: 0x2000035
cpu MHz		: 1300.000
cache size	: 25344 KB
physical id	: 0
siblings	: 36
core id		: 0
cpu cores	: 18
apicid		: 0
initial apicid	: 0
fpu		: yes
fpu_exception	: yes
cpuid level	: 22
wp		: yes
flags		: fpu vme de pse tsc msr pae mce cx8 apic sep mtrr pge mca cmov pat pse36 clflush dts acpi mmx fxsr sse sse2 ss ht tm pbe syscall nx pdpe1gb rdtscp lm constant_tsc art arch_perfmon pebs bts rep_good nopl xtopology nonstop_tsc cpuid aperfmperf tsc_known_freq pni pclmulqdq dtes64 monitor ds_cpl vmx est tm2 ssse3 sdbg fma cx16 xtpr pdcm pcid dca sse4_1 sse4_2 x2apic movbe popcnt tsc_deadline_timer aes xsave avx f16c rdrand lahf_lm abm 3dnowprefetch cpuid_fault epb cat_l3 cdp_l3 intel_pt mba tpr_shadow vnmi flexpriority ept vpid fsgsbase tsc_adjust bmi1 hle avx2 smep bmi2 erms invpcid rtm cqm mpx rdt_a avx512f avx512dq rdseed adx smap clflushopt clwb avx512cd avx512bw avx512vl xsaveopt xsavec xgetbv1 xsaves cqm_llc cqm_occup_llc cqm_mbm_total cqm_mbm_local dtherm ida arat pln pts
bugs		:
bogomips	: 5400.00
clflush size	: 64
cache_alignment	: 64
address sizes	: 46 bits physical, 48 bits virtual
power management:

processor	: 1
vendor_id	: GenuineIntel
cpu family	: 6
model		: 85
model nameFork	: Intel(R) Core(TM) i9-7980XE CPU @ 2.60GHz
stepping	: 4
microcode	: 0x2000035
cpu MHz		: 1200.000
cache size	: 25344 KB
physical id	: 0
siblings	: 36
core id		: 1
cpu cores	: 18
apicid		: 2
initial apicid	: 2
fpu		: yes
fpu_exception	: yes
cpuid level	: 22
wp		: yes
flags		: fpu vme de pse tsc msr pae mce cx8 apic sep mtrr pge mca cmov pat pse36 clflush dts acpi mmx fxsr sse sse2 ss ht tm pbe syscall nx pdpe1gb rdtscp lm constant_tsc art arch_perfmon pebs bts rep_good nopl xtopology nonstop_tsc cpuid aperfmperf tsc_known_freq pni pclmulqdq dtes64 monitor ds_cpl vmx est tm2 ssse3 sdbg fma cx16 xtpr pdcm pcid dca sse4_1 sse4_2 x2apic movbe popcnt tsc_deadline_timer aes xsave avx f16c rdrand lahf_lm abm 3dnowprefetch cpuid_fault epb cat_l3 cdp_l3 intel_pt mba tpr_shadow vnmi flexpriority ept vpid fsgsbase tsc_adjust bmi1 hle avx2 smep bmi2 erms invpcid rtm cqm mpx rdt_a avx512f avx512dq rdseed adx smap clflushopt clwb avx512cd avx512bw avx512vl xsaveopt xsavec xgetbv1 xsaves cqm_llc cqm_occup_llc cqm_mbm_total cqm_mbm_local dtherm ida arat pln pts
bugs		:
bogomips	: 5400.00
clflush size	: 64
cache_alignment	: 64
address sizes	: 46 bits physical, 48 bits virtual
power management:

processor	: 2
vendor_id	: GenuineIntel
cpu family	: 6
model		: 85
model nameFork	: Intel(R) Core(TM) i9-7980XE CPU @ 2.60GHz
stepping	: 4
microcode	: 0x2000035
cpu MHz		: 1200.000
cache size	: 25344 KB
physical id	: 0
siblings	: 36
core id		: 2
cpu cores	: 18
apicid		: 4
initial apicid	: 4
fpu		: yes
fpu_exception	: yes
cpuid level	: 22
wp		: yes
flags		: fpu vme de pse tsc msr pae mce cx8 apic sep mtrr pge mca cmov pat pse36 clflush dts acpi mmx fxsr sse sse2 ss ht tm pbe syscall nx pdpe1gb rdtscp lm constant_tsc art arch_perfmon pebs bts rep_good nopl xtopology nonstop_tsc cpuid aperfmperf tsc_known_freq pni pclmulqdq dtes64 monitor ds_cpl vmx est tm2 ssse3 sdbg fma cx16 xtpr pdcm pcid dca sse4_1 sse4_2 x2apic movbe popcnt tsc_deadline_timer aes xsave avx f16c rdrand lahf_lm abm 3dnowprefetch cpuid_fault epb cat_l3 cdp_l3 intel_pt mba tpr_shadow vnmi flexpriority ept vpid fsgsbase tsc_adjust bmi1 hle avx2 smep bmi2 erms invpcid rtm cqm mpx rdt_a avx512f avx512dq rdseed adx smap clflushopt clwb avx512cd avx512bw avx512vl xsaveopt xsavec xgetbv1 xsaves cqm_llc cqm_occup_llc cqm_mbm_total cqm_mbm_local dtherm ida arat pln pts
bugs		:
bogomips	: 5400.00
clflush size	: 64
cache_alignment	: 64
address sizes	: 46 bits physical, 48 bits virtual
power management:

processor	: 3
vendor_id	: GenuineIntel
cpu family	: 6
model		: 85
model nameFork	: Intel(R) Core(TM) i9-7980XE CPU @ 2.60GHz
stepping	: 4
microcode	: 0x2000035
cpu MHz		: 1200.000
cache size	: 25344 KB
physical id	: 0
siblings	: 36
core id		: 3
cpu cores	: 18
apicid		: 6
initial apicid	: 6
fpu		: yes
fpu_exception	: yes
cpuid level	: 22
wp		: yes
flags		: fpu vme de pse tsc msr pae mce cx8 apic sep mtrr pge mca cmov pat pse36 clflush dts acpi mmx fxsr sse sse2 ss ht tm pbe syscall nx pdpe1gb rdtscp lm constant_tsc art arch_perfmon pebs bts rep_good nopl xtopology nonstop_tsc cpuid aperfmperf tsc_known_freq pni pclmulqdq dtes64 monitor ds_cpl vmx est tm2 ssse3 sdbg fma cx16 xtpr pdcm pcid dca sse4_1 sse4_2 x2apic movbe popcnt tsc_deadline_timer aes xsave avx f16c rdrand lahf_lm abm 3dnowprefetch cpuid_fault epb cat_l3 cdp_l3 intel_pt mba tpr_shadow vnmi flexpriority ept vpid fsgsbase tsc_adjust bmi1 hle avx2 smep bmi2 erms invpcid rtm cqm mpx rdt_a avx512f avx512dq rdseed adx smap clflushopt clwb avx512cd avx512bw avx512vl xsaveopt xsavec xgetbv1 xsaves cqm_llc cqm_occup_llc cqm_mbm_total cqm_mbm_local dtherm ida arat pln pts
bugs		:
bogomips	: 5400.00
clflush size	: 64
cache_alignment	: 64
address sizes	: 46 bits physical, 48 bits virtual
power management:

processor	: 4
vendor_id	: GenuineIntel
cpu family	: 6
model		: 85
model nameFork	: Intel(R) Core(TM) i9-7980XE CPU @ 2.60GHz
stepping	: 4
microcode	: 0x2000035
cpu MHz		: 1900.000
cache size	: 25344 KB
physical id	: 0
siblings	: 36
core id		: 4
cpu cores	: 18
apicid		: 8
initial apicid	: 8
fpu		: yes
fpu_exception	: yes
cpuid level	: 22
wp		: yes
flags		: fpu vme de pse tsc msr pae mce cx8 apic sep mtrr pge mca cmov pat pse36 clflush dts acpi mmx fxsr sse sse2 ss ht tm pbe syscall nx pdpe1gb rdtscp lm constant_tsc art arch_perfmon pebs bts rep_good nopl xtopology nonstop_tsc cpuid aperfmperf tsc_known_freq pni pclmulqdq dtes64 monitor ds_cpl vmx est tm2 ssse3 sdbg fma cx16 xtpr pdcm pcid dca sse4_1 sse4_2 x2apic movbe popcnt tsc_deadline_timer aes xsave avx f16c rdrand lahf_lm abm 3dnowprefetch cpuid_fault epb cat_l3 cdp_l3 intel_pt mba tpr_shadow vnmi flexpriority ept vpid fsgsbase tsc_adjust bmi1 hle avx2 smep bmi2 erms invpcid rtm cqm mpx rdt_a avx512f avx512dq rdseed adx smap clflushopt clwb avx512cd avx512bw avx512vl xsaveopt xsavec xgetbv1 xsaves cqm_llc cqm_occup_llc cqm_mbm_total cqm_mbm_local dtherm ida arat pln pts
bugs		:
bogomips	: 5400.00
clflush size	: 64
cache_alignment	: 64
address sizes	: 46 bits physical, 48 bits virtual
power management:

processor	: 5
vendor_id	: GenuineIntel
cpu family	: 6
model		: 85
model nameFork	: Intel(R) Core(TM) i9-7980XE CPU @ 2.60GHz
stepping	: 4
microcode	: 0x2000035
cpu MHz		: 1200.000
cache size	: 25344 KB
physical id	: 0
siblings	: 36
core id		: 8
cpu cores	: 18
apicid		: 16
initial apicid	: 16
fpu		: yes
fpu_exception	: yes
cpuid level	: 22
wp		: yes
flags		: fpu vme de pse tsc msr pae mce cx8 apic sep mtrr pge mca cmov pat pse36 clflush dts acpi mmx fxsr sse sse2 ss ht tm pbe syscall nx pdpe1gb rdtscp lm constant_tsc art arch_perfmon pebs bts rep_good nopl xtopology nonstop_tsc cpuid aperfmperf tsc_known_freq pni pclmulqdq dtes64 monitor ds_cpl vmx est tm2 ssse3 sdbg fma cx16 xtpr pdcm pcid dca sse4_1 sse4_2 x2apic movbe popcnt tsc_deadline_timer aes xsave avx f16c rdrand lahf_lm abm 3dnowprefetch cpuid_fault epb cat_l3 cdp_l3 intel_pt mba tpr_shadow vnmi flexpriority ept vpid fsgsbase tsc_adjust bmi1 hle avx2 smep bmi2 erms invpcid rtm cqm mpx rdt_a avx512f avx512dq rdseed adx smap clflushopt clwb avx512cd avx512bw avx512vl xsaveopt xsavec xgetbv1 xsaves cqm_llc cqm_occup_llc cqm_mbm_total cqm_mbm_local dtherm ida arat pln pts
bugs		:
bogomips	: 5400.00
clflush size	: 64
cache_alignment	: 64
address sizes	: 46 bits physical, 48 bits virtual
power management:

processor	: 6
vendor_id	: GenuineIntel
cpu family	: 6
model		: 85
model nameFork	: Intel(R) Core(TM) i9-7980XE CPU @ 2.60GHz
stepping	: 4
microcode	: 0x2000035
cpu MHz		: 1200.000
cache size	: 25344 KB
physical id	: 0
siblings	: 36
core id		: 9
cpu cores	: 18
apicid		: 18
initial apicid	: 18
fpu		: yes
fpu_exception	: yes
cpuid level	: 22
wp		: yes
flags		: fpu vme de pse tsc msr pae mce cx8 apic sep mtrr pge mca cmov pat pse36 clflush dts acpi mmx fxsr sse sse2 ss ht tm pbe syscall nx pdpe1gb rdtscp lm constant_tsc art arch_perfmon pebs bts rep_good nopl xtopology nonstop_tsc cpuid aperfmperf tsc_known_freq pni pclmulqdq dtes64 monitor ds_cpl vmx est tm2 ssse3 sdbg fma cx16 xtpr pdcm pcid dca sse4_1 sse4_2 x2apic movbe popcnt tsc_deadline_timer aes xsave avx f16c rdrand lahf_lm abm 3dnowprefetch cpuid_fault epb cat_l3 cdp_l3 intel_pt mba tpr_shadow vnmi flexpriority ept vpid fsgsbase tsc_adjust bmi1 hle avx2 smep bmi2 erms invpcid rtm cqm mpx rdt_a avx512f avx512dq rdseed adx smap clflushopt clwb avx512cd avx512bw avx512vl xsaveopt xsavec xgetbv1 xsaves cqm_llc cqm_occup_llc cqm_mbm_total cqm_mbm_local dtherm ida arat pln pts
bugs		:
bogomips	: 5400.00
clflush size	: 64
cache_alignment	: 64
address sizes	: 46 bits physical, 48 bits virtual
power management:

processor	: 7
vendor_id	: GenuineIntel
cpu family	: 6
model		: 85
model nameFork	: Intel(R) Core(TM) i9-7980XE CPU @ 2.60GHz
stepping	: 4
microcode	: 0x2000035
cpu MHz		: 1200.000
cache size	: 25344 KB
physical id	: 0
siblings	: 36
core id		: 10
cpu cores	: 18
apicid		: 20
initial apicid	: 20
fpu		: yes
fpu_exception	: yes
cpuid level	: 22
wp		: yes
flags		: fpu vme de pse tsc msr pae mce cx8 apic sep mtrr pge mca cmov pat pse36 clflush dts acpi mmx fxsr sse sse2 ss ht tm pbe syscall nx pdpe1gb rdtscp lm constant_tsc art arch_perfmon pebs bts rep_good nopl xtopology nonstop_tsc cpuid aperfmperf tsc_known_freq pni pclmulqdq dtes64 monitor ds_cpl vmx est tm2 ssse3 sdbg fma cx16 xtpr pdcm pcid dca sse4_1 sse4_2 x2apic movbe popcnt tsc_deadline_timer aes xsave avx f16c rdrand lahf_lm abm 3dnowprefetch cpuid_fault epb cat_l3 cdp_l3 intel_pt mba tpr_shadow vnmi flexpriority ept vpid fsgsbase tsc_adjust bmi1 hle avx2 smep bmi2 erms invpcid rtm cqm mpx rdt_a avx512f avx512dq rdseed adx smap clflushopt clwb avx512cd avx512bw avx512vl xsaveopt xsavec xgetbv1 xsaves cqm_llc cqm_occup_llc cqm_mbm_total cqm_mbm_local dtherm ida arat pln pts
bugs		:
bogomips	: 5400.00
clflush size	: 64
cache_alignment	: 64
address sizes	: 46 bits physical, 48 bits virtual
power management:

processor	: 8
vendor_id	: GenuineIntel
cpu family	: 6
model		: 85
model nameFork	: Intel(R) Core(TM) i9-7980XE CPU @ 2.60GHz
stepping	: 4
microcode	: 0x2000035
cpu MHz		: 2601.000
cache size	: 25344 KB
physical id	: 0
siblings	: 36
core id		: 11
cpu cores	: 18
apicid		: 22
initial apicid	: 22
fpu		: yes
fpu_exception	: yes
cpuid level	: 22
wp		: yes
flags		: fpu vme de pse tsc msr pae mce cx8 apic sep mtrr pge mca cmov pat pse36 clflush dts acpi mmx fxsr sse sse2 ss ht tm pbe syscall nx pdpe1gb rdtscp lm constant_tsc art arch_perfmon pebs bts rep_good nopl xtopology nonstop_tsc cpuid aperfmperf tsc_known_freq pni pclmulqdq dtes64 monitor ds_cpl vmx est tm2 ssse3 sdbg fma cx16 xtpr pdcm pcid dca sse4_1 sse4_2 x2apic movbe popcnt tsc_deadline_timer aes xsave avx f16c rdrand lahf_lm abm 3dnowprefetch cpuid_fault epb cat_l3 cdp_l3 intel_pt mba tpr_shadow vnmi flexpriority ept vpid fsgsbase tsc_adjust bmi1 hle avx2 smep bmi2 erms invpcid rtm cqm mpx rdt_a avx512f avx512dq rdseed adx smap clflushopt clwb avx512cd avx512bw avx512vl xsaveopt xsavec xgetbv1 xsaves cqm_llc cqm_occup_llc cqm_mbm_total cqm_mbm_local dtherm ida arat pln pts
bugs		:
bogomips	: 5400.00
clflush size	: 64
cache_alignment	: 64
address sizes	: 46 bits physical, 48 bits virtual
power management:

processor	: 9
vendor_id	: GenuineIntel
cpu family	: 6
model		: 85
model nameFork	: Intel(R) Core(TM) i9-7980XE CPU @ 2.60GHz
stepping	: 4
microcode	: 0x2000035
cpu MHz		: 2200.000
cache size	: 25344 KB
physical id	: 0
siblings	: 36
core id		: 16
cpu cores	: 18
apicid		: 32
initial apicid	: 32
fpu		: yes
fpu_exception	: yes
cpuid level	: 22
wp		: yes
flags		: fpu vme de pse tsc msr pae mce cx8 apic sep mtrr pge mca cmov pat pse36 clflush dts acpi mmx fxsr sse sse2 ss ht tm pbe syscall nx pdpe1gb rdtscp lm constant_tsc art arch_perfmon pebs bts rep_good nopl xtopology nonstop_tsc cpuid aperfmperf tsc_known_freq pni pclmulqdq dtes64 monitor ds_cpl vmx est tm2 ssse3 sdbg fma cx16 xtpr pdcm pcid dca sse4_1 sse4_2 x2apic movbe popcnt tsc_deadline_timer aes xsave avx f16c rdrand lahf_lm abm 3dnowprefetch cpuid_fault epb cat_l3 cdp_l3 intel_pt mba tpr_shadow vnmi flexpriority ept vpid fsgsbase tsc_adjust bmi1 hle avx2 smep bmi2 erms invpcid rtm cqm mpx rdt_a avx512f avx512dq rdseed adx smap clflushopt clwb avx512cd avx512bw avx512vl xsaveopt xsavec xgetbv1 xsaves cqm_llc cqm_occup_llc cqm_mbm_total cqm_mbm_local dtherm ida arat pln pts
bugs		:
bogomips	: 5400.00
clflush size	: 64
cache_alignment	: 64
address sizes	: 46 bits physical, 48 bits virtual
power management:

processor	: 10
vendor_id	: GenuineIntel
cpu family	: 6
model		: 85
model nameFork	: Intel(R) Core(TM) i9-7980XE CPU @ 2.60GHz
stepping	: 4
microcode	: 0x2000035
cpu MHz		: 1600.000
cache size	: 25344 KB
physical id	: 0
siblings	: 36
core id		: 17
cpu cores	: 18
apicid		: 34
initial apicid	: 34
fpu		: yes
fpu_exception	: yes
cpuid level	: 22
wp		: yes
flags		: fpu vme de pse tsc msr pae mce cx8 apic sep mtrr pge mca cmov pat pse36 clflush dts acpi mmx fxsr sse sse2 ss ht tm pbe syscall nx pdpe1gb rdtscp lm constant_tsc art arch_perfmon pebs bts rep_good nopl xtopology nonstop_tsc cpuid aperfmperf tsc_known_freq pni pclmulqdq dtes64 monitor ds_cpl vmx est tm2 ssse3 sdbg fma cx16 xtpr pdcm pcid dca sse4_1 sse4_2 x2apic movbe popcnt tsc_deadline_timer aes xsave avx f16c rdrand lahf_lm abm 3dnowprefetch cpuid_fault epb cat_l3 cdp_l3 intel_pt mba tpr_shadow vnmi flexpriority ept vpid fsgsbase tsc_adjust bmi1 hle avx2 smep bmi2 erms invpcid rtm cqm mpx rdt_a avx512f avx512dq rdseed adx smap clflushopt clwb avx512cd avx512bw avx512vl xsaveopt xsavec xgetbv1 xsaves cqm_llc cqm_occup_llc cqm_mbm_total cqm_mbm_local dtherm ida arat pln pts
bugs		:
bogomips	: 5400.00
clflush size	: 64
cache_alignment	: 64
address sizes	: 46 bits physical, 48 bits virtual
power management:

processor	: 11
vendor_id	: GenuineIntel
cpu family	: 6
model		: 85
model nameFork	: Intel(R) Core(TM) i9-7980XE CPU @ 2.60GHz
stepping	: 4
microcode	: 0x2000035
cpu MHz		: 1300.000
cache size	: 25344 KB
physical id	: 0
siblings	: 36
core id		: 18
cpu cores	: 18
apicid		: 36
initial apicid	: 36
fpu		: yes
fpu_exception	: yes
cpuid level	: 22
wp		: yes
flags		: fpu vme de pse tsc msr pae mce cx8 apic sep mtrr pge mca cmov pat pse36 clflush dts acpi mmx fxsr sse sse2 ss ht tm pbe syscall nx pdpe1gb rdtscp lm constant_tsc art arch_perfmon pebs bts rep_good nopl xtopology nonstop_tsc cpuid aperfmperf tsc_known_freq pni pclmulqdq dtes64 monitor ds_cpl vmx est tm2 ssse3 sdbg fma cx16 xtpr pdcm pcid dca sse4_1 sse4_2 x2apic movbe popcnt tsc_deadline_timer aes xsave avx f16c rdrand lahf_lm abm 3dnowprefetch cpuid_fault epb cat_l3 cdp_l3 intel_pt mba tpr_shadow vnmi flexpriority ept vpid fsgsbase tsc_adjust bmi1 hle avx2 smep bmi2 erms invpcid rtm cqm mpx rdt_a avx512f avx512dq rdseed adx smap clflushopt clwb avx512cd avx512bw avx512vl xsaveopt xsavec xgetbv1 xsaves cqm_llc cqm_occup_llc cqm_mbm_total cqm_mbm_local dtherm ida arat pln pts
bugs		:
bogomips	: 5400.00
clflush size	: 64
cache_alignment	: 64
address sizes	: 46 bits physical, 48 bits virtual
power management:

processor	: 12
vendor_id	: GenuineIntel
cpu family	: 6
model		: 85
model nameFork	: Intel(R) Core(TM) i9-7980XE CPU @ 2.60GHz
stepping	: 4
microcode	: 0x2000035
cpu MHz		: 1300.000
cache size	: 25344 KB
physical id	: 0
siblings	: 36
core id		: 19
cpu cores	: 18
apicid		: 38
initial apicid	: 38
fpu		: yes
fpu_exception	: yes
cpuid level	: 22
wp		: yes
flags		: fpu vme de pse tsc msr pae mce cx8 apic sep mtrr pge mca cmov pat pse36 clflush dts acpi mmx fxsr sse sse2 ss ht tm pbe syscall nx pdpe1gb rdtscp lm constant_tsc art arch_perfmon pebs bts rep_good nopl xtopology nonstop_tsc cpuid aperfmperf tsc_known_freq pni pclmulqdq dtes64 monitor ds_cpl vmx est tm2 ssse3 sdbg fma cx16 xtpr pdcm pcid dca sse4_1 sse4_2 x2apic movbe popcnt tsc_deadline_timer aes xsave avx f16c rdrand lahf_lm abm 3dnowprefetch cpuid_fault epb cat_l3 cdp_l3 intel_pt mba tpr_shadow vnmi flexpriority ept vpid fsgsbase tsc_adjust bmi1 hle avx2 smep bmi2 erms invpcid rtm cqm mpx rdt_a avx512f avx512dq rdseed adx smap clflushopt clwb avx512cd avx512bw avx512vl xsaveopt xsavec xgetbv1 xsaves cqm_llc cqm_occup_llc cqm_mbm_total cqm_mbm_local dtherm ida arat pln pts
bugs		:
bogomips	: 5400.00
clflush size	: 64
cache_alignment	: 64
address sizes	: 46 bits physical, 48 bits virtual
power management:

processor	: 13
vendor_id	: GenuineIntel
cpu family	: 6
model		: 85
model nameFork	: Intel(R) Core(TM) i9-7980XE CPU @ 2.60GHz
stepping	: 4
microcode	: 0x2000035
cpu MHz		: 2500.000
cache size	: 25344 KB
physical id	: 0
siblings	: 36
core id		: 20
cpu cores	: 18
apicid		: 40
initial apicid	: 40
fpu		: yes
fpu_exception	: yes
cpuid level	: 22
wp		: yes
flags		: fpu vme de pse tsc msr pae mce cx8 apic sep mtrr pge mca cmov pat pse36 clflush dts acpi mmx fxsr sse sse2 ss ht tm pbe syscall nx pdpe1gb rdtscp lm constant_tsc art arch_perfmon pebs bts rep_good nopl xtopology nonstop_tsc cpuid aperfmperf tsc_known_freq pni pclmulqdq dtes64 monitor ds_cpl vmx est tm2 ssse3 sdbg fma cx16 xtpr pdcm pcid dca sse4_1 sse4_2 x2apic movbe popcnt tsc_deadline_timer aes xsave avx f16c rdrand lahf_lm abm 3dnowprefetch cpuid_fault epb cat_l3 cdp_l3 intel_pt mba tpr_shadow vnmi flexpriority ept vpid fsgsbase tsc_adjust bmi1 hle avx2 smep bmi2 erms invpcid rtm cqm mpx rdt_a avx512f avx512dq rdseed adx smap clflushopt clwb avx512cd avx512bw avx512vl xsaveopt xsavec xgetbv1 xsaves cqm_llc cqm_occup_llc cqm_mbm_total cqm_mbm_local dtherm ida arat pln pts
bugs		:
bogomips	: 5400.00
clflush size	: 64
cache_alignment	: 64
address sizes	: 46 bits physical, 48 bits virtual
power management:

processor	: 14
vendor_id	: GenuineIntel
cpu family	: 6
model		: 85
model nameFork	: Intel(R) Core(TM) i9-7980XE CPU @ 2.60GHz
stepping	: 4
microcode	: 0x2000035
cpu MHz		: 1200.000
cache size	: 25344 KB
physical id	: 0
siblings	: 36
core id		: 24
cpu cores	: 18
apicid		: 48
initial apicid	: 48
fpu		: yes
fpu_exception	: yes
cpuid level	: 22
wp		: yes
flags		: fpu vme de pse tsc msr pae mce cx8 apic sep mtrr pge mca cmov pat pse36 clflush dts acpi mmx fxsr sse sse2 ss ht tm pbe syscall nx pdpe1gb rdtscp lm constant_tsc art arch_perfmon pebs bts rep_good nopl xtopology nonstop_tsc cpuid aperfmperf tsc_known_freq pni pclmulqdq dtes64 monitor ds_cpl vmx est tm2 ssse3 sdbg fma cx16 xtpr pdcm pcid dca sse4_1 sse4_2 x2apic movbe popcnt tsc_deadline_timer aes xsave avx f16c rdrand lahf_lm abm 3dnowprefetch cpuid_fault epb cat_l3 cdp_l3 intel_pt mba tpr_shadow vnmi flexpriority ept vpid fsgsbase tsc_adjust bmi1 hle avx2 smep bmi2 erms invpcid rtm cqm mpx rdt_a avx512f avx512dq rdseed adx smap clflushopt clwb avx512cd avx512bw avx512vl xsaveopt xsavec xgetbv1 xsaves cqm_llc cqm_occup_llc cqm_mbm_total cqm_mbm_local dtherm ida arat pln pts
bugs		:
bogomips	: 5400.00
clflush size	: 64
cache_alignment	: 64
address sizes	: 46 bits physical, 48 bits virtual
power management:

processor	: 15
vendor_id	: GenuineIntel
cpu family	: 6
model		: 85
model nameFork	: Intel(R) Core(TM) i9-7980XE CPU @ 2.60GHz
stepping	: 4
microcode	: 0x2000035
cpu MHz		: 1200.000
cache size	: 25344 KB
physical id	: 0
siblings	: 36
core id		: 25
cpu cores	: 18
apicid		: 50
initial apicid	: 50
fpu		: yes
fpu_exception	: yes
cpuid level	: 22
wp		: yes
flags		: fpu vme de pse tsc msr pae mce cx8 apic sep mtrr pge mca cmov pat pse36 clflush dts acpi mmx fxsr sse sse2 ss ht tm pbe syscall nx pdpe1gb rdtscp lm constant_tsc art arch_perfmon pebs bts rep_good nopl xtopology nonstop_tsc cpuid aperfmperf tsc_known_freq pni pclmulqdq dtes64 monitor ds_cpl vmx est tm2 ssse3 sdbg fma cx16 xtpr pdcm pcid dca sse4_1 sse4_2 x2apic movbe popcnt tsc_deadline_timer aes xsave avx f16c rdrand lahf_lm abm 3dnowprefetch cpuid_fault epb cat_l3 cdp_l3 intel_pt mba tpr_shadow vnmi flexpriority ept vpid fsgsbase tsc_adjust bmi1 hle avx2 smep bmi2 erms invpcid rtm cqm mpx rdt_a avx512f avx512dq rdseed adx smap clflushopt clwb avx512cd avx512bw avx512vl xsaveopt xsavec xgetbv1 xsaves cqm_llc cqm_occup_llc cqm_mbm_total cqm_mbm_local dtherm ida arat pln pts
bugs		:
bogomips	: 5400.00
clflush size	: 64
cache_alignment	: 64
address sizes	: 46 bits physical, 48 bits virtual
power management:

processor	: 16
vendor_id	: GenuineIntel
cpu family	: 6
model		: 85
model nameFork	: Intel(R) Core(TM) i9-7980XE CPU @ 2.60GHz
stepping	: 4
microcode	: 0x2000035
cpu MHz		: 1500.000
cache size	: 25344 KB
physical id	: 0
siblings	: 36
core id		: 26
cpu cores	: 18
apicid		: 52
initial apicid	: 52
fpu		: yes
fpu_exception	: yes
cpuid level	: 22
wp		: yes
flags		: fpu vme de pse tsc msr pae mce cx8 apic sep mtrr pge mca cmov pat pse36 clflush dts acpi mmx fxsr sse sse2 ss ht tm pbe syscall nx pdpe1gb rdtscp lm constant_tsc art arch_perfmon pebs bts rep_good nopl xtopology nonstop_tsc cpuid aperfmperf tsc_known_freq pni pclmulqdq dtes64 monitor ds_cpl vmx est tm2 ssse3 sdbg fma cx16 xtpr pdcm pcid dca sse4_1 sse4_2 x2apic movbe popcnt tsc_deadline_timer aes xsave avx f16c rdrand lahf_lm abm 3dnowprefetch cpuid_fault epb cat_l3 cdp_l3 intel_pt mba tpr_shadow vnmi flexpriority ept vpid fsgsbase tsc_adjust bmi1 hle avx2 smep bmi2 erms invpcid rtm cqm mpx rdt_a avx512f avx512dq rdseed adx smap clflushopt clwb avx512cd avx512bw avx512vl xsaveopt xsavec xgetbv1 xsaves cqm_llc cqm_occup_llc cqm_mbm_total cqm_mbm_local dtherm ida arat pln pts
bugs		:
bogomips	: 5400.00
clflush size	: 64
cache_alignment	: 64
address sizes	: 46 bits physical, 48 bits virtual
power management:

processor	: 17
vendor_id	: GenuineIntel
cpu family	: 6
model		: 85
model nameFork	: Intel(R) Core(TM) i9-7980XE CPU @ 2.60GHz
stepping	: 4
microcode	: 0x2000035
cpu MHz		: 1300.000
cache size	: 25344 KB
physical id	: 0
siblings	: 36
core id		: 27
cpu cores	: 18
apicid		: 54
initial apicid	: 54
fpu		: yes
fpu_exception	: yes
cpuid level	: 22
wp		: yes
flags		: fpu vme de pse tsc msr pae mce cx8 apic sep mtrr pge mca cmov pat pse36 clflush dts acpi mmx fxsr sse sse2 ss ht tm pbe syscall nx pdpe1gb rdtscp lm constant_tsc art arch_perfmon pebs bts rep_good nopl xtopology nonstop_tsc cpuid aperfmperf tsc_known_freq pni pclmulqdq dtes64 monitor ds_cpl vmx est tm2 ssse3 sdbg fma cx16 xtpr pdcm pcid dca sse4_1 sse4_2 x2apic movbe popcnt tsc_deadline_timer aes xsave avx f16c rdrand lahf_lm abm 3dnowprefetch cpuid_fault epb cat_l3 cdp_l3 intel_pt mba tpr_shadow vnmi flexpriority ept vpid fsgsbase tsc_adjust bmi1 hle avx2 smep bmi2 erms invpcid rtm cqm mpx rdt_a avx512f avx512dq rdseed adx smap clflushopt clwb avx512cd avx512bw avx512vl xsaveopt xsavec xgetbv1 xsaves cqm_llc cqm_occup_llc cqm_mbm_total cqm_mbm_local dtherm ida arat pln pts
bugs		:
bogomips	: 5400.00
clflush size	: 64
cache_alignment	: 64
address sizes	: 46 bits physical, 48 bits virtual
power management:

processor	: 18
vendor_id	: GenuineIntel
cpu family	: 6
model		: 85
model nameFork	: Intel(R) Core(TM) i9-7980XE CPU @ 2.60GHz
stepping	: 4
microcode	: 0x2000035
cpu MHz		: 1300.000
cache size	: 25344 KB
physical id	: 0
siblings	: 36
core id		: 0
cpu cores	: 18
apicid		: 1
initial apicid	: 1
fpu		: yes
fpu_exception	: yes
cpuid level	: 22
wp		: yes
flags		: fpu vme de pse tsc msr pae mce cx8 apic sep mtrr pge mca cmov pat pse36 clflush dts acpi mmx fxsr sse sse2 ss ht tm pbe syscall nx pdpe1gb rdtscp lm constant_tsc art arch_perfmon pebs bts rep_good nopl xtopology nonstop_tsc cpuid aperfmperf tsc_known_freq pni pclmulqdq dtes64 monitor ds_cpl vmx est tm2 ssse3 sdbg fma cx16 xtpr pdcm pcid dca sse4_1 sse4_2 x2apic movbe popcnt tsc_deadline_timer aes xsave avx f16c rdrand lahf_lm abm 3dnowprefetch cpuid_fault epb cat_l3 cdp_l3 intel_pt mba tpr_shadow vnmi flexpriority ept vpid fsgsbase tsc_adjust bmi1 hle avx2 smep bmi2 erms invpcid rtm cqm mpx rdt_a avx512f avx512dq rdseed adx smap clflushopt clwb avx512cd avx512bw avx512vl xsaveopt xsavec xgetbv1 xsaves cqm_llc cqm_occup_llc cqm_mbm_total cqm_mbm_local dtherm ida arat pln pts
bugs		:
bogomips	: 5400.00
clflush size	: 64
cache_alignment	: 64
address sizes	: 46 bits physical, 48 bits virtual
power management:

processor	: 19
vendor_id	: GenuineIntel
cpu family	: 6
model		: 85
model nameFork	: Intel(R) Core(TM) i9-7980XE CPU @ 2.60GHz
stepping	: 4
microcode	: 0x2000035
cpu MHz		: 1400.000
cache size	: 25344 KB
physical id	: 0
siblings	: 36
core id		: 1
cpu cores	: 18
apicid		: 3
initial apicid	: 3
fpu		: yes
fpu_exception	: yes
cpuid level	: 22
wp		: yes
flags		: fpu vme de pse tsc msr pae mce cx8 apic sep mtrr pge mca cmov pat pse36 clflush dts acpi mmx fxsr sse sse2 ss ht tm pbe syscall nx pdpe1gb rdtscp lm constant_tsc art arch_perfmon pebs bts rep_good nopl xtopology nonstop_tsc cpuid aperfmperf tsc_known_freq pni pclmulqdq dtes64 monitor ds_cpl vmx est tm2 ssse3 sdbg fma cx16 xtpr pdcm pcid dca sse4_1 sse4_2 x2apic movbe popcnt tsc_deadline_timer aes xsave avx f16c rdrand lahf_lm abm 3dnowprefetch cpuid_fault epb cat_l3 cdp_l3 intel_pt mba tpr_shadow vnmi flexpriority ept vpid fsgsbase tsc_adjust bmi1 hle avx2 smep bmi2 erms invpcid rtm cqm mpx rdt_a avx512f avx512dq rdseed adx smap clflushopt clwb avx512cd avx512bw avx512vl xsaveopt xsavec xgetbv1 xsaves cqm_llc cqm_occup_llc cqm_mbm_total cqm_mbm_local dtherm ida arat pln pts
bugs		:
bogomips	: 5400.00
clflush size	: 64
cache_alignment	: 64
address sizes	: 46 bits physical, 48 bits virtual
power management:

processor	: 20
vendor_id	: GenuineIntel
cpu family	: 6
model		: 85
model nameFork	: Intel(R) Core(TM) i9-7980XE CPU @ 2.60GHz
stepping	: 4
microcode	: 0x2000035
cpu MHz		: 1500.000
cache size	: 25344 KB
physical id	: 0
siblings	: 36
core id		: 2
cpu cores	: 18
apicid		: 5
initial apicid	: 5
fpu		: yes
fpu_exception	: yes
cpuid level	: 22
wp		: yes
flags		: fpu vme de pse tsc msr pae mce cx8 apic sep mtrr pge mca cmov pat pse36 clflush dts acpi mmx fxsr sse sse2 ss ht tm pbe syscall nx pdpe1gb rdtscp lm constant_tsc art arch_perfmon pebs bts rep_good nopl xtopology nonstop_tsc cpuid aperfmperf tsc_known_freq pni pclmulqdq dtes64 monitor ds_cpl vmx est tm2 ssse3 sdbg fma cx16 xtpr pdcm pcid dca sse4_1 sse4_2 x2apic movbe popcnt tsc_deadline_timer aes xsave avx f16c rdrand lahf_lm abm 3dnowprefetch cpuid_fault epb cat_l3 cdp_l3 intel_pt mba tpr_shadow vnmi flexpriority ept vpid fsgsbase tsc_adjust bmi1 hle avx2 smep bmi2 erms invpcid rtm cqm mpx rdt_a avx512f avx512dq rdseed adx smap clflushopt clwb avx512cd avx512bw avx512vl xsaveopt xsavec xgetbv1 xsaves cqm_llc cqm_occup_llc cqm_mbm_total cqm_mbm_local dtherm ida arat pln pts
bugs		:
bogomips	: 5400.00
clflush size	: 64
cache_alignment	: 64
address sizes	: 46 bits physical, 48 bits virtual
power management:

processor	: 21
vendor_id	: GenuineIntel
cpu family	: 6
model		: 85
model nameFork	: Intel(R) Core(TM) i9-7980XE CPU @ 2.60GHz
stepping	: 4
microcode	: 0x2000035
cpu MHz		: 1600.000
cache size	: 25344 KB
physical id	: 0
siblings	: 36
core id		: 3
cpu cores	: 18
apicid		: 7
initial apicid	: 7
fpu		: yes
fpu_exception	: yes
cpuid level	: 22
wp		: yes
flags		: fpu vme de pse tsc msr pae mce cx8 apic sep mtrr pge mca cmov pat pse36 clflush dts acpi mmx fxsr sse sse2 ss ht tm pbe syscall nx pdpe1gb rdtscp lm constant_tsc art arch_perfmon pebs bts rep_good nopl xtopology nonstop_tsc cpuid aperfmperf tsc_known_freq pni pclmulqdq dtes64 monitor ds_cpl vmx est tm2 ssse3 sdbg fma cx16 xtpr pdcm pcid dca sse4_1 sse4_2 x2apic movbe popcnt tsc_deadline_timer aes xsave avx f16c rdrand lahf_lm abm 3dnowprefetch cpuid_fault epb cat_l3 cdp_l3 intel_pt mba tpr_shadow vnmi flexpriority ept vpid fsgsbase tsc_adjust bmi1 hle avx2 smep bmi2 erms invpcid rtm cqm mpx rdt_a avx512f avx512dq rdseed adx smap clflushopt clwb avx512cd avx512bw avx512vl xsaveopt xsavec xgetbv1 xsaves cqm_llc cqm_occup_llc cqm_mbm_total cqm_mbm_local dtherm ida arat pln pts
bugs		:
bogomips	: 5400.00
clflush size	: 64
cache_alignment	: 64
address sizes	: 46 bits physical, 48 bits virtual
power management:

processor	: 22
vendor_id	: GenuineIntel
cpu family	: 6
model		: 85
model nameFork	: Intel(R) Core(TM) i9-7980XE CPU @ 2.60GHz
stepping	: 4
microcode	: 0x2000035
cpu MHz		: 1900.000
cache size	: 25344 KB
physical id	: 0
siblings	: 36
core id		: 4
cpu cores	: 18
apicid		: 9
initial apicid	: 9
fpu		: yes
fpu_exception	: yes
cpuid level	: 22
wp		: yes
flags		: fpu vme de pse tsc msr pae mce cx8 apic sep mtrr pge mca cmov pat pse36 clflush dts acpi mmx fxsr sse sse2 ss ht tm pbe syscall nx pdpe1gb rdtscp lm constant_tsc art arch_perfmon pebs bts rep_good nopl xtopology nonstop_tsc cpuid aperfmperf tsc_known_freq pni pclmulqdq dtes64 monitor ds_cpl vmx est tm2 ssse3 sdbg fma cx16 xtpr pdcm pcid dca sse4_1 sse4_2 x2apic movbe popcnt tsc_deadline_timer aes xsave avx f16c rdrand lahf_lm abm 3dnowprefetch cpuid_fault epb cat_l3 cdp_l3 intel_pt mba tpr_shadow vnmi flexpriority ept vpid fsgsbase tsc_adjust bmi1 hle avx2 smep bmi2 erms invpcid rtm cqm mpx rdt_a avx512f avx512dq rdseed adx smap clflushopt clwb avx512cd avx512bw avx512vl xsaveopt xsavec xgetbv1 xsaves cqm_llc cqm_occup_llc cqm_mbm_total cqm_mbm_local dtherm ida arat pln pts
bugs		:
bogomips	: 5400.00
clflush size	: 64
cache_alignment	: 64
address sizes	: 46 bits physical, 48 bits virtual
power management:

processor	: 23
vendor_id	: GenuineIntel
cpu family	: 6
model		: 85
model nameFork	: Intel(R) Core(TM) i9-7980XE CPU @ 2.60GHz
stepping	: 4
microcode	: 0x2000035
cpu MHz		: 1600.000
cache size	: 25344 KB
physical id	: 0
siblings	: 36
core id		: 8
cpu cores	: 18
apicid		: 17
initial apicid	: 17
fpu		: yes
fpu_exception	: yes
cpuid level	: 22
wp		: yes
flags		: fpu vme de pse tsc msr pae mce cx8 apic sep mtrr pge mca cmov pat pse36 clflush dts acpi mmx fxsr sse sse2 ss ht tm pbe syscall nx pdpe1gb rdtscp lm constant_tsc art arch_perfmon pebs bts rep_good nopl xtopology nonstop_tsc cpuid aperfmperf tsc_known_freq pni pclmulqdq dtes64 monitor ds_cpl vmx est tm2 ssse3 sdbg fma cx16 xtpr pdcm pcid dca sse4_1 sse4_2 x2apic movbe popcnt tsc_deadline_timer aes xsave avx f16c rdrand lahf_lm abm 3dnowprefetch cpuid_fault epb cat_l3 cdp_l3 intel_pt mba tpr_shadow vnmi flexpriority ept vpid fsgsbase tsc_adjust bmi1 hle avx2 smep bmi2 erms invpcid rtm cqm mpx rdt_a avx512f avx512dq rdseed adx smap clflushopt clwb avx512cd avx512bw avx512vl xsaveopt xsavec xgetbv1 xsaves cqm_llc cqm_occup_llc cqm_mbm_total cqm_mbm_local dtherm ida arat pln pts
bugs		:
bogomips	: 5400.00
clflush size	: 64
cache_alignment	: 64
address sizes	: 46 bits physical, 48 bits virtual
power management:

processor	: 24
vendor_id	: GenuineIntel
cpu family	: 6
model		: 85
model nameFork	: Intel(R) Core(TM) i9-7980XE CPU @ 2.60GHz
stepping	: 4
microcode	: 0x2000035
cpu MHz		: 1200.000
cache size	: 25344 KB
physical id	: 0
siblings	: 36
core id		: 9
cpu cores	: 18
apicid		: 19
initial apicid	: 19
fpu		: yes
fpu_exception	: yes
cpuid level	: 22
wp		: yes
flags		: fpu vme de pse tsc msr pae mce cx8 apic sep mtrr pge mca cmov pat pse36 clflush dts acpi mmx fxsr sse sse2 ss ht tm pbe syscall nx pdpe1gb rdtscp lm constant_tsc art arch_perfmon pebs bts rep_good nopl xtopology nonstop_tsc cpuid aperfmperf tsc_known_freq pni pclmulqdq dtes64 monitor ds_cpl vmx est tm2 ssse3 sdbg fma cx16 xtpr pdcm pcid dca sse4_1 sse4_2 x2apic movbe popcnt tsc_deadline_timer aes xsave avx f16c rdrand lahf_lm abm 3dnowprefetch cpuid_fault epb cat_l3 cdp_l3 intel_pt mba tpr_shadow vnmi flexpriority ept vpid fsgsbase tsc_adjust bmi1 hle avx2 smep bmi2 erms invpcid rtm cqm mpx rdt_a avx512f avx512dq rdseed adx smap clflushopt clwb avx512cd avx512bw avx512vl xsaveopt xsavec xgetbv1 xsaves cqm_llc cqm_occup_llc cqm_mbm_total cqm_mbm_local dtherm ida arat pln pts
bugs		:
bogomips	: 5400.00
clflush size	: 64
cache_alignment	: 64
address sizes	: 46 bits physical, 48 bits virtual
power management:

processor	: 25
vendor_id	: GenuineIntel
cpu family	: 6
model		: 85
model nameFork	: Intel(R) Core(TM) i9-7980XE CPU @ 2.60GHz
stepping	: 4
microcode	: 0x2000035
cpu MHz		: 1200.000
cache size	: 25344 KB
physical id	: 0
siblings	: 36
core id		: 10
cpu cores	: 18
apicid		: 21
initial apicid	: 21
fpu		: yes
fpu_exception	: yes
cpuid level	: 22
wp		: yes
flags		: fpu vme de pse tsc msr pae mce cx8 apic sep mtrr pge mca cmov pat pse36 clflush dts acpi mmx fxsr sse sse2 ss ht tm pbe syscall nx pdpe1gb rdtscp lm constant_tsc art arch_perfmon pebs bts rep_good nopl xtopology nonstop_tsc cpuid aperfmperf tsc_known_freq pni pclmulqdq dtes64 monitor ds_cpl vmx est tm2 ssse3 sdbg fma cx16 xtpr pdcm pcid dca sse4_1 sse4_2 x2apic movbe popcnt tsc_deadline_timer aes xsave avx f16c rdrand lahf_lm abm 3dnowprefetch cpuid_fault epb cat_l3 cdp_l3 intel_pt mba tpr_shadow vnmi flexpriority ept vpid fsgsbase tsc_adjust bmi1 hle avx2 smep bmi2 erms invpcid rtm cqm mpx rdt_a avx512f avx512dq rdseed adx smap clflushopt clwb avx512cd avx512bw avx512vl xsaveopt xsavec xgetbv1 xsaves cqm_llc cqm_occup_llc cqm_mbm_total cqm_mbm_local dtherm ida arat pln pts
bugs		:
bogomips	: 5400.00
clflush size	: 64
cache_alignment	: 64
address sizes	: 46 bits physical, 48 bits virtual
power management:

processor	: 26
vendor_id	: GenuineIntel
cpu family	: 6
model		: 85
model nameFork	: Intel(R) Core(TM) i9-7980XE CPU @ 2.60GHz
stepping	: 4
microcode	: 0x2000035
cpu MHz		: 1200.000
cache size	: 25344 KB
physical id	: 0
siblings	: 36
core id		: 11
cpu cores	: 18
apicid		: 23
initial apicid	: 23
fpu		: yes
fpu_exception	: yes
cpuid level	: 22
wp		: yes
flags		: fpu vme de pse tsc msr pae mce cx8 apic sep mtrr pge mca cmov pat pse36 clflush dts acpi mmx fxsr sse sse2 ss ht tm pbe syscall nx pdpe1gb rdtscp lm constant_tsc art arch_perfmon pebs bts rep_good nopl xtopology nonstop_tsc cpuid aperfmperf tsc_known_freq pni pclmulqdq dtes64 monitor ds_cpl vmx est tm2 ssse3 sdbg fma cx16 xtpr pdcm pcid dca sse4_1 sse4_2 x2apic movbe popcnt tsc_deadline_timer aes xsave avx f16c rdrand lahf_lm abm 3dnowprefetch cpuid_fault epb cat_l3 cdp_l3 intel_pt mba tpr_shadow vnmi flexpriority ept vpid fsgsbase tsc_adjust bmi1 hle avx2 smep bmi2 erms invpcid rtm cqm mpx rdt_a avx512f avx512dq rdseed adx smap clflushopt clwb avx512cd avx512bw avx512vl xsaveopt xsavec xgetbv1 xsaves cqm_llc cqm_occup_llc cqm_mbm_total cqm_mbm_local dtherm ida arat pln pts
bugs		:
bogomips	: 5400.00
clflush size	: 64
cache_alignment	: 64
address sizes	: 46 bits physical, 48 bits virtual
power management:

processor	: 27
vendor_id	: GenuineIntel
cpu family	: 6
model		: 85
model nameFork	: Intel(R) Core(TM) i9-7980XE CPU @ 2.60GHz
stepping	: 4
microcode	: 0x2000035
cpu MHz		: 1200.000
cache size	: 25344 KB
physical id	: 0
siblings	: 36
core id		: 16
cpu cores	: 18
apicid		: 33
initial apicid	: 33
fpu		: yes
fpu_exception	: yes
cpuid level	: 22
wp		: yes
flags		: fpu vme de pse tsc msr pae mce cx8 apic sep mtrr pge mca cmov pat pse36 clflush dts acpi mmx fxsr sse sse2 ss ht tm pbe syscall nx pdpe1gb rdtscp lm constant_tsc art arch_perfmon pebs bts rep_good nopl xtopology nonstop_tsc cpuid aperfmperf tsc_known_freq pni pclmulqdq dtes64 monitor ds_cpl vmx est tm2 ssse3 sdbg fma cx16 xtpr pdcm pcid dca sse4_1 sse4_2 x2apic movbe popcnt tsc_deadline_timer aes xsave avx f16c rdrand lahf_lm abm 3dnowprefetch cpuid_fault epb cat_l3 cdp_l3 intel_pt mba tpr_shadow vnmi flexpriority ept vpid fsgsbase tsc_adjust bmi1 hle avx2 smep bmi2 erms invpcid rtm cqm mpx rdt_a avx512f avx512dq rdseed adx smap clflushopt clwb avx512cd avx512bw avx512vl xsaveopt xsavec xgetbv1 xsaves cqm_llc cqm_occup_llc cqm_mbm_total cqm_mbm_local dtherm ida arat pln pts
bugs		:
bogomips	: 5400.00
clflush size	: 64
cache_alignment	: 64
address sizes	: 46 bits physical, 48 bits virtual
power management:

processor	: 28
vendor_id	: GenuineIntel
cpu family	: 6
model		: 85
model nameFork	: Intel(R) Core(TM) i9-7980XE CPU @ 2.60GHz
stepping	: 4
microcode	: 0x2000035
cpu MHz		: 1200.000
cache size	: 25344 KB
physical id	: 0
siblings	: 36
core id		: 17
cpu cores	: 18
apicid		: 35
initial apicid	: 35
fpu		: yes
fpu_exception	: yes
cpuid level	: 22
wp		: yes
flags		: fpu vme de pse tsc msr pae mce cx8 apic sep mtrr pge mca cmov pat pse36 clflush dts acpi mmx fxsr sse sse2 ss ht tm pbe syscall nx pdpe1gb rdtscp lm constant_tsc art arch_perfmon pebs bts rep_good nopl xtopology nonstop_tsc cpuid aperfmperf tsc_known_freq pni pclmulqdq dtes64 monitor ds_cpl vmx est tm2 ssse3 sdbg fma cx16 xtpr pdcm pcid dca sse4_1 sse4_2 x2apic movbe popcnt tsc_deadline_timer aes xsave avx f16c rdrand lahf_lm abm 3dnowprefetch cpuid_fault epb cat_l3 cdp_l3 intel_pt mba tpr_shadow vnmi flexpriority ept vpid fsgsbase tsc_adjust bmi1 hle avx2 smep bmi2 erms invpcid rtm cqm mpx rdt_a avx512f avx512dq rdseed adx smap clflushopt clwb avx512cd avx512bw avx512vl xsaveopt xsavec xgetbv1 xsaves cqm_llc cqm_occup_llc cqm_mbm_total cqm_mbm_local dtherm ida arat pln pts
bugs		:
bogomips	: 5400.00
clflush size	: 64
cache_alignment	: 64
address sizes	: 46 bits physical, 48 bits virtual
power management:

processor	: 29
vendor_id	: GenuineIntel
cpu family	: 6
model		: 85
model nameFork	: Intel(R) Core(TM) i9-7980XE CPU @ 2.60GHz
stepping	: 4
microcode	: 0x2000035
cpu MHz		: 1200.000
cache size	: 25344 KB
physical id	: 0
siblings	: 36
core id		: 18
cpu cores	: 18
apicid		: 37
initial apicid	: 37
fpu		: yes
fpu_exception	: yes
cpuid level	: 22
wp		: yes
flags		: fpu vme de pse tsc msr pae mce cx8 apic sep mtrr pge mca cmov pat pse36 clflush dts acpi mmx fxsr sse sse2 ss ht tm pbe syscall nx pdpe1gb rdtscp lm constant_tsc art arch_perfmon pebs bts rep_good nopl xtopology nonstop_tsc cpuid aperfmperf tsc_known_freq pni pclmulqdq dtes64 monitor ds_cpl vmx est tm2 ssse3 sdbg fma cx16 xtpr pdcm pcid dca sse4_1 sse4_2 x2apic movbe popcnt tsc_deadline_timer aes xsave avx f16c rdrand lahf_lm abm 3dnowprefetch cpuid_fault epb cat_l3 cdp_l3 intel_pt mba tpr_shadow vnmi flexpriority ept vpid fsgsbase tsc_adjust bmi1 hle avx2 smep bmi2 erms invpcid rtm cqm mpx rdt_a avx512f avx512dq rdseed adx smap clflushopt clwb avx512cd avx512bw avx512vl xsaveopt xsavec xgetbv1 xsaves cqm_llc cqm_occup_llc cqm_mbm_total cqm_mbm_local dtherm ida arat pln pts
bugs		:
bogomips	: 5400.00
clflush size	: 64
cache_alignment	: 64
address sizes	: 46 bits physical, 48 bits virtual
power management:

processor	: 30
vendor_id	: GenuineIntel
cpu family	: 6
model		: 85
model nameFork	: Intel(R) Core(TM) i9-7980XE CPU @ 2.60GHz
stepping	: 4
microcode	: 0x2000035
cpu MHz		: 1200.000
cache size	: 25344 KB
physical id	: 0
siblings	: 36
core id		: 19
cpu cores	: 18
apicid		: 39
initial apicid	: 39
fpu		: yes
fpu_exception	: yes
cpuid level	: 22
wp		: yes
flags		: fpu vme de pse tsc msr pae mce cx8 apic sep mtrr pge mca cmov pat pse36 clflush dts acpi mmx fxsr sse sse2 ss ht tm pbe syscall nx pdpe1gb rdtscp lm constant_tsc art arch_perfmon pebs bts rep_good nopl xtopology nonstop_tsc cpuid aperfmperf tsc_known_freq pni pclmulqdq dtes64 monitor ds_cpl vmx est tm2 ssse3 sdbg fma cx16 xtpr pdcm pcid dca sse4_1 sse4_2 x2apic movbe popcnt tsc_deadline_timer aes xsave avx f16c rdrand lahf_lm abm 3dnowprefetch cpuid_fault epb cat_l3 cdp_l3 intel_pt mba tpr_shadow vnmi flexpriority ept vpid fsgsbase tsc_adjust bmi1 hle avx2 smep bmi2 erms invpcid rtm cqm mpx rdt_a avx512f avx512dq rdseed adx smap clflushopt clwb avx512cd avx512bw avx512vl xsaveopt xsavec xgetbv1 xsaves cqm_llc cqm_occup_llc cqm_mbm_total cqm_mbm_local dtherm ida arat pln pts
bugs		:
bogomips	: 5400.00
clflush size	: 64
cache_alignment	: 64
address sizes	: 46 bits physical, 48 bits virtual
power management:

processor	: 31
vendor_id	: GenuineIntel
cpu family	: 6
model		: 85
model nameFork	: Intel(R) Core(TM) i9-7980XE CPU @ 2.60GHz
stepping	: 4
microcode	: 0x2000035
cpu MHz		: 1200.000
cache size	: 25344 KB
physical id	: 0
siblings	: 36
core id		: 20
cpu cores	: 18
apicid		: 41
initial apicid	: 41
fpu		: yes
fpu_exception	: yes
cpuid level	: 22
wp		: yes
flags		: fpu vme de pse tsc msr pae mce cx8 apic sep mtrr pge mca cmov pat pse36 clflush dts acpi mmx fxsr sse sse2 ss ht tm pbe syscall nx pdpe1gb rdtscp lm constant_tsc art arch_perfmon pebs bts rep_good nopl xtopology nonstop_tsc cpuid aperfmperf tsc_known_freq pni pclmulqdq dtes64 monitor ds_cpl vmx est tm2 ssse3 sdbg fma cx16 xtpr pdcm pcid dca sse4_1 sse4_2 x2apic movbe popcnt tsc_deadline_timer aes xsave avx f16c rdrand lahf_lm abm 3dnowprefetch cpuid_fault epb cat_l3 cdp_l3 intel_pt mba tpr_shadow vnmi flexpriority ept vpid fsgsbase tsc_adjust bmi1 hle avx2 smep bmi2 erms invpcid rtm cqm mpx rdt_a avx512f avx512dq rdseed adx smap clflushopt clwb avx512cd avx512bw avx512vl xsaveopt xsavec xgetbv1 xsaves cqm_llc cqm_occup_llc cqm_mbm_total cqm_mbm_local dtherm ida arat pln pts
bugs		:
bogomips	: 5400.00
clflush size	: 64
cache_alignment	: 64
address sizes	: 46 bits physical, 48 bits virtual
power management:

processor	: 32
vendor_id	: GenuineIntel
cpu family	: 6
model		: 85
model nameFork	: Intel(R) Core(TM) i9-7980XE CPU @ 2.60GHz
stepping	: 4
microcode	: 0x2000035
cpu MHz		: 1200.000
cache size	: 25344 KB
physical id	: 0
siblings	: 36
core id		: 24
cpu cores	: 18
apicid		: 49
initial apicid	: 49
fpu		: yes
fpu_exception	: yes
cpuid level	: 22
wp		: yes
flags		: fpu vme de pse tsc msr pae mce cx8 apic sep mtrr pge mca cmov pat pse36 clflush dts acpi mmx fxsr sse sse2 ss ht tm pbe syscall nx pdpe1gb rdtscp lm constant_tsc art arch_perfmon pebs bts rep_good nopl xtopology nonstop_tsc cpuid aperfmperf tsc_known_freq pni pclmulqdq dtes64 monitor ds_cpl vmx est tm2 ssse3 sdbg fma cx16 xtpr pdcm pcid dca sse4_1 sse4_2 x2apic movbe popcnt tsc_deadline_timer aes xsave avx f16c rdrand lahf_lm abm 3dnowprefetch cpuid_fault epb cat_l3 cdp_l3 intel_pt mba tpr_shadow vnmi flexpriority ept vpid fsgsbase tsc_adjust bmi1 hle avx2 smep bmi2 erms invpcid rtm cqm mpx rdt_a avx512f avx512dq rdseed adx smap clflushopt clwb avx512cd avx512bw avx512vl xsaveopt xsavec xgetbv1 xsaves cqm_llc cqm_occup_llc cqm_mbm_total cqm_mbm_local dtherm ida arat pln pts
bugs		:
bogomips	: 5400.00
clflush size	: 64
cache_alignment	: 64
address sizes	: 46 bits physical, 48 bits virtual
power management:

processor	: 33
vendor_id	: GenuineIntel
cpu family	: 6
model		: 85
model nameFork	: Intel(R) Core(TM) i9-7980XE CPU @ 2.60GHz
stepping	: 4
microcode	: 0x2000035
cpu MHz		: 1200.000
cache size	: 25344 KB
physical id	: 0
siblings	: 36
core id		: 25
cpu cores	: 18
apicid		: 51
initial apicid	: 51
fpu		: yes
fpu_exception	: yes
cpuid level	: 22
wp		: yes
flags		: fpu vme de pse tsc msr pae mce cx8 apic sep mtrr pge mca cmov pat pse36 clflush dts acpi mmx fxsr sse sse2 ss ht tm pbe syscall nx pdpe1gb rdtscp lm constant_tsc art arch_perfmon pebs bts rep_good nopl xtopology nonstop_tsc cpuid aperfmperf tsc_known_freq pni pclmulqdq dtes64 monitor ds_cpl vmx est tm2 ssse3 sdbg fma cx16 xtpr pdcm pcid dca sse4_1 sse4_2 x2apic movbe popcnt tsc_deadline_timer aes xsave avx f16c rdrand lahf_lm abm 3dnowprefetch cpuid_fault epb cat_l3 cdp_l3 intel_pt mba tpr_shadow vnmi flexpriority ept vpid fsgsbase tsc_adjust bmi1 hle avx2 smep bmi2 erms invpcid rtm cqm mpx rdt_a avx512f avx512dq rdseed adx smap clflushopt clwb avx512cd avx512bw avx512vl xsaveopt xsavec xgetbv1 xsaves cqm_llc cqm_occup_llc cqm_mbm_total cqm_mbm_local dtherm ida arat pln pts
bugs		:
bogomips	: 5400.00
clflush size	: 64
cache_alignment	: 64
address sizes	: 46 bits physical, 48 bits virtual
power management:

processor	: 34
vendor_id	: GenuineIntel
cpu family	: 6
model		: 85
model nameFork	: Intel(R) Core(TM) i9-7980XE CPU @ 2.60GHz
stepping	: 4
microcode	: 0x2000035
cpu MHz		: 1200.000
cache size	: 25344 KB
physical id	: 0
siblings	: 36
core id		: 26
cpu cores	: 18
apicid		: 53
initial apicid	: 53
fpu		: yes
fpu_exception	: yes
cpuid level	: 22
wp		: yes
flags		: fpu vme de pse tsc msr pae mce cx8 apic sep mtrr pge mca cmov pat pse36 clflush dts acpi mmx fxsr sse sse2 ss ht tm pbe syscall nx pdpe1gb rdtscp lm constant_tsc art arch_perfmon pebs bts rep_good nopl xtopology nonstop_tsc cpuid aperfmperf tsc_known_freq pni pclmulqdq dtes64 monitor ds_cpl vmx est tm2 ssse3 sdbg fma cx16 xtpr pdcm pcid dca sse4_1 sse4_2 x2apic movbe popcnt tsc_deadline_timer aes xsave avx f16c rdrand lahf_lm abm 3dnowprefetch cpuid_fault epb cat_l3 cdp_l3 intel_pt mba tpr_shadow vnmi flexpriority ept vpid fsgsbase tsc_adjust bmi1 hle avx2 smep bmi2 erms invpcid rtm cqm mpx rdt_a avx512f avx512dq rdseed adx smap clflushopt clwb avx512cd avx512bw avx512vl xsaveopt xsavec xgetbv1 xsaves cqm_llc cqm_occup_llc cqm_mbm_total cqm_mbm_local dtherm ida arat pln pts
bugs		:
bogomips	: 5400.00
clflush size	: 64
cache_alignment	: 64
address sizes	: 46 bits physical, 48 bits virtual
power management:

processor	: 35
vendor_id	: GenuineIntel
cpu family	: 6
model		: 85
model nameFork	: Intel(R) Core(TM) i9-7980XE CPU @ 2.60GHz
stepping	: 4
microcode	: 0x2000035
cpu MHz		: 1300.000
cache size	: 25344 KB
physical id	: 0
siblings	: 36
core id		: 27
cpu cores	: 18
apicid		: 55
initial apicid	: 55
fpu		: yes
fpu_exception	: yes
cpuid level	: 22
wp		: yes
flags		: fpu vme de pse tsc msr pae mce cx8 apic sep mtrr pge mca cmov pat pse36 clflush dts acpi mmx fxsr sse sse2 ss ht tm pbe syscall nx pdpe1gb rdtscp lm constant_tsc art arch_perfmon pebs bts rep_good nopl xtopology nonstop_tsc cpuid aperfmperf tsc_known_freq pni pclmulqdq dtes64 monitor ds_cpl vmx est tm2 ssse3 sdbg fma cx16 xtpr pdcm pcid dca sse4_1 sse4_2 x2apic movbe popcnt tsc_deadline_timer aes xsave avx f16c rdrand lahf_lm abm 3dnowprefetch cpuid_fault epb cat_l3 cdp_l3 intel_pt mba tpr_shadow vnmi flexpriority ept vpid fsgsbase tsc_adjust bmi1 hle avx2 smep bmi2 erms invpcid rtm cqm mpx rdt_a avx512f avx512dq rdseed adx smap clflushopt clwb avx512cd avx512bw avx512vl xsaveopt xsavec xgetbv1 xsaves cqm_llc cqm_occup_llc cqm_mbm_total cqm_mbm_local dtherm ida arat pln pts
bugs		:
bogomips	: 5400.00
clflush size	: 64
cache_alignment	: 64
address sizes	: 46 bits physical, 48 bits virtual
power management:



Memory: 4k page, physical 131683660k(35931672k free), swap 4194300k(4194300k free)

vm_info: OpenJDK 64-Bit Server VM (25.151-b12) for linux-amd64 JRE (1.8.0_151-b12), built on Oct 25 2017 14:26:28 by "mockbuild" with gcc 7.2.1 20170915 (Red Hat 7.2.1-2)

time: Fri Jan  5 01:49:18 2018
elapsed time: 0 seconds (0d 0h 0m 0s)

