2017-11-29 11:15:42
Full thread dump Java HotSpot(TM) 64-Bit Server VM (25.144-b01 mixed mode):

"Thread-80133" #80147 prio=5 os_prio=31 tid=0x00007f9824018000 nid=0x14ef runnable [0x0000000000000000]
   java.lang.Thread.State: RUNNABLE

   Locked ownable synchronizers:
	- None

"Attach Listener" #53646 daemon prio=9 os_prio=31 tid=0x00007f9822025800 nid=0x5c47 waiting on condition [0x0000000000000000]
   java.lang.Thread.State: RUNNABLE

   Locked ownable synchronizers:
	- None

"pool-1-thread-2" #13 prio=5 os_prio=31 tid=0x00007f9823151800 nid=0x5903 waiting on condition [0x000070000944a000]
   java.lang.Thread.State: WAITING (parking)
	at sun.misc.Unsafe.park(Native Method)
	- parking to wait for  <0x00000006c000a700> (a java.util.concurrent.locks.AbstractQueuedSynchronizer$ConditionObject)
	at java.util.concurrent.locks.LockSupport.park(LockSupport.java:175)
	at java.util.concurrent.locks.AbstractQueuedSynchronizer$ConditionObject.await(AbstractQueuedSynchronizer.java:2039)
	at java.util.concurrent.LinkedBlockingQueue.take(LinkedBlockingQueue.java:442)
	at java.util.concurrent.ThreadPoolExecutor.getTask(ThreadPoolExecutor.java:1074)
	at java.util.concurrent.ThreadPoolExecutor.runWorker(ThreadPoolExecutor.java:1134)
	at java.util.concurrent.ThreadPoolExecutor$Worker.run(ThreadPoolExecutor.java:624)
	at java.lang.Thread.run(Thread.java:748)

   Locked ownable synchronizers:
	- None

"pool-1-thread-1" #12 prio=5 os_prio=31 tid=0x00007f982311e800 nid=0x1007 waiting on condition [0x0000700009347000]
   java.lang.Thread.State: WAITING (parking)
	at sun.misc.Unsafe.park(Native Method)
	- parking to wait for  <0x00000006c000a700> (a java.util.concurrent.locks.AbstractQueuedSynchronizer$ConditionObject)
	at java.util.concurrent.locks.LockSupport.park(LockSupport.java:175)
	at java.util.concurrent.locks.AbstractQueuedSynchronizer$ConditionObject.await(AbstractQueuedSynchronizer.java:2039)
	at java.util.concurrent.LinkedBlockingQueue.take(LinkedBlockingQueue.java:442)
	at java.util.concurrent.ThreadPoolExecutor.getTask(ThreadPoolExecutor.java:1074)
	at java.util.concurrent.ThreadPoolExecutor.runWorker(ThreadPoolExecutor.java:1134)
	at java.util.concurrent.ThreadPoolExecutor$Worker.run(ThreadPoolExecutor.java:624)
	at java.lang.Thread.run(Thread.java:748)

   Locked ownable synchronizers:
	- None

"Service Thread" #10 daemon prio=9 os_prio=31 tid=0x00007f9824866000 nid=0x5503 runnable [0x0000000000000000]
   java.lang.Thread.State: RUNNABLE

   Locked ownable synchronizers:
	- None

"C1 CompilerThread3" #9 daemon prio=9 os_prio=31 tid=0x00007f9825848800 nid=0x5303 waiting on condition [0x0000000000000000]
   java.lang.Thread.State: RUNNABLE

   Locked ownable synchronizers:
	- None

"C2 CompilerThread2" #8 daemon prio=9 os_prio=31 tid=0x00007f9825847800 nid=0x5103 waiting on condition [0x0000000000000000]
   java.lang.Thread.State: RUNNABLE

   Locked ownable synchronizers:
	- None

"C2 CompilerThread1" #7 daemon prio=9 os_prio=31 tid=0x00007f982300f800 nid=0x4f03 waiting on condition [0x0000000000000000]
   java.lang.Thread.State: RUNNABLE

   Locked ownable synchronizers:
	- None

"C2 CompilerThread0" #6 daemon prio=9 os_prio=31 tid=0x00007f982485c800 nid=0x4d03 waiting on condition [0x0000000000000000]
   java.lang.Thread.State: RUNNABLE

   Locked ownable synchronizers:
	- None

"Monitor Ctrl-Break" #5 daemon prio=5 os_prio=31 tid=0x00007f982503a000 nid=0x4b03 runnable [0x0000700008b2f000]
   java.lang.Thread.State: RUNNABLE
	at java.net.SocketInputStream.socketRead0(Native Method)
	at java.net.SocketInputStream.socketRead(SocketInputStream.java:116)
	at java.net.SocketInputStream.read(SocketInputStream.java:171)
	at java.net.SocketInputStream.read(SocketInputStream.java:141)
	at sun.nio.cs.StreamDecoder.readBytes(StreamDecoder.java:284)
	at sun.nio.cs.StreamDecoder.implRead(StreamDecoder.java:326)
	at sun.nio.cs.StreamDecoder.read(StreamDecoder.java:178)
	- locked <0x00000006c0012248> (a java.io.InputStreamReader)
	at java.io.InputStreamReader.read(InputStreamReader.java:184)
	at java.io.BufferedReader.fill(BufferedReader.java:161)
	at java.io.BufferedReader.readLine(BufferedReader.java:324)
	- locked <0x00000006c0012248> (a java.io.InputStreamReader)
	at java.io.BufferedReader.readLine(BufferedReader.java:389)
	at com.intellij.rt.execution.application.AppMainV2$1.run(AppMainV2.java:64)

   Locked ownable synchronizers:
	- None

"Signal Dispatcher" #4 daemon prio=9 os_prio=31 tid=0x00007f982580c800 nid=0x4903 runnable [0x0000000000000000]
   java.lang.Thread.State: RUNNABLE

   Locked ownable synchronizers:
	- None

"Finalizer" #3 daemon prio=8 os_prio=31 tid=0x00007f9824801800 nid=0x3903 in Object.wait() [0x0000700008929000]
   java.lang.Thread.State: WAITING (on object monitor)
	at java.lang.Object.wait(Native Method)
	at java.lang.ref.ReferenceQueue.remove(ReferenceQueue.java:143)
	- locked <0x00000006c0009040> (a java.lang.ref.ReferenceQueue$Lock)
	at java.lang.ref.ReferenceQueue.remove(ReferenceQueue.java:164)
	at java.lang.ref.Finalizer$FinalizerThread.run(Finalizer.java:209)

   Locked ownable synchronizers:
	- None

"Reference Handler" #2 daemon prio=10 os_prio=31 tid=0x00007f9825006000 nid=0x3703 in Object.wait() [0x0000700008826000]
   java.lang.Thread.State: WAITING (on object monitor)
	at java.lang.Object.wait(Native Method)
	at java.lang.Object.wait(Object.java:502)
	at java.lang.ref.Reference.tryHandlePending(Reference.java:191)
	- locked <0x00000006c00090f8> (a java.lang.ref.Reference$Lock)
	at java.lang.ref.Reference$ReferenceHandler.run(Reference.java:153)

   Locked ownable synchronizers:
	- None

"main" #1 prio=5 os_prio=31 tid=0x00007f9824803000 nid=0x1c03 in Object.wait() [0x0000700007e08000]
   java.lang.Thread.State: WAITING (on object monitor)
	at java.lang.Object.wait(Native Method)
	at java.lang.Object.wait(Object.java:502)
	at plays_with_multi_thread.Example_28_11_17.main(Example_28_11_17.java:35)
	- locked <0x00000006c0008338> (a java.lang.Object)

   Locked ownable synchronizers:
	- None

"VM Thread" os_prio=31 tid=0x00007f9823008000 nid=0x3503 runnable 

"GC task thread#0 (ParallelGC)" os_prio=31 tid=0x00007f9825002000 nid=0x2503 runnable 

"GC task thread#1 (ParallelGC)" os_prio=31 tid=0x00007f9825003000 nid=0x2703 runnable 

"GC task thread#2 (ParallelGC)" os_prio=31 tid=0x00007f9825003800 nid=0x2903 runnable 

"GC task thread#3 (ParallelGC)" os_prio=31 tid=0x00007f9825004000 nid=0x2b03 runnable 

"GC task thread#4 (ParallelGC)" os_prio=31 tid=0x00007f9825005000 nid=0x2d03 runnable 

"GC task thread#5 (ParallelGC)" os_prio=31 tid=0x00007f9825005800 nid=0x2f03 runnable 

"GC task thread#6 (ParallelGC)" os_prio=31 tid=0x00007f982480c000 nid=0x3103 runnable 

"GC task thread#7 (ParallelGC)" os_prio=31 tid=0x00007f9822000800 nid=0x3303 runnable 

"VM Periodic Task Thread" os_prio=31 tid=0x00007f9823062800 nid=0x5703 waiting on condition 

JNI global references: 233

